[19:31:26] [START] Script started
[19:31:39] [EXIT] Exited script
[19:34:11] [START] Script started
[19:35:30] [EXIT] Exited script
[19:52:04] [START] Script started
[19:52:45] [EXIT] Exited script
[19:52:48] [START] Script started
[19:54:44] [EXIT] Exited script
[20:01:32] [START] Script started
[20:01:45] [EXIT] Exited script
[20:01:46] [START] Script started
[20:02:01] [EXIT] Exited script
[20:37:21] [START] Script started
[20:37:21] [ERROR] No internet connection
[20:40:11] [START] Script started
[20:40:11] [ERROR] No internet connection
[20:41:14] [START] Script started
[20:41:14] [ERROR] No internet connection
[20:41:17] [ENTER] User still continued
[20:41:50] [EXIT] Exited script
[20:51:32] [START] Script started
[20:51:35] [INSTALL] User chose to install all tools
[20:51:35] [OK] pkg list updated
[20:51:49] [OK] pkg/system upgraded
[20:52:02] [EXIT] Exited script
[20:52:30] [START] Script started
[20:52:32] [INSTALL] User chose to install all tools
[20:52:32] [OK] pkg list updated
[20:52:49] [EXIT] Exited script
[20:53:07] [START] Script started
[20:53:09] [INSTALL] User chose to install all tools
[20:53:10] [OK] pkg list updated
[20:53:58] [EXIT] Exited script
[20:55:04] [START] Script started
[20:55:18] [EXIT] Exited script
[20:55:54] [START] Script started
[20:55:56] [INSTALL] User chose to install all tools
[20:55:56] [OK] pkg list updated
[20:56:04] [OK] pkg/system upgraded
[20:56:34] [FAIL] Git: Version control, not installed (no internet)
[20:57:42] [START] Script started
[20:57:51] [EXIT] Exited script
[20:58:44] [START] Script started
[20:58:59] [INSTALL] User chose to install all tools
[20:58:59] [OK] pkg list updated
[20:59:06] [SKIPPED] Git: Version control, was already installed (Skipped)
[20:59:06] [SKIPPED] Curl: File downloader 2, was already installed (Skipped)
[20:59:06] [SKIPPED] Wget: File downloader, was already installed (Skipped)
[20:59:07] [SKIPPED] Bat: Better then 'cat', was already installed (Skipped)
[20:59:07] [SKIPPED] Htop: Hardware use Checker, was already installed (Skipped)
[20:59:07] [SKIPPED] Fish: A advanced Shell, was already installed (Skipped)
[20:59:08] [SKIPPED] OpenSSH: Server deployment, was already installed (Skipped)
[20:59:08] [SKIPPED] Python3: Coding language, was already installed (Skipped)
[20:59:08] [SKIPPED] Nmap: Network scanner, was already installed (Skipped)
[20:59:09] [SKIPPED] Libcaca: Cool fire, was already installed (Skipped)
[20:59:19] [FAIL] Speedtest-Go: WI-FI-speed Checker, not installed (no internet)
[21:01:35] [START] Script started
[21:02:27] [EXIT] Exited script
[21:02:29] [START] Script started
[21:02:36] [EXIT] Exited script
[21:04:31] [START] Script started
[21:04:34] [INSTALL] User chose to install all tools
[21:04:34] [OK] pkg list updated
[21:05:04] [FAIL] Git: Version control, not installed (no internet)
[21:05:22] [START] Script started
[21:05:30] [EXIT] Exited script
[21:08:10] [START] Script started
[21:08:13] [INSTALL] User chose to install all tools
[21:08:13] [OK] pkg list updated
[21:08:21] [SKIPPED] Git: Version control, was already installed (Skipped)
[21:08:21] [SKIPPED] Curl: File downloader 2, was already installed (Skipped)
[21:08:22] [SKIPPED] Wget: File downloader, was already installed (Skipped)
[21:08:22] [SKIPPED] Bat: Better then 'cat', was already installed (Skipped)
[21:08:22] [SKIPPED] Htop: Hardware use Checker, was already installed (Skipped)
[21:08:33] [FAIL] Fish: A advanced Shell, not installed (no internet)
[21:10:16] [START] Script started
[21:10:56] [SKIPPED] Wget: Command-line downloader was already installed (Skipped)
[21:10:59] [SKIPPED] Wget: Command-line downloader was already installed (Skipped)
[21:11:09] [EXIT] Exited script
[21:34:38] [START] Script started
[21:34:38] [ERROR] No internet connection
[21:34:43] [ENTER] User still continued
[21:35:07] [INSTALLED] Wget: Command-line downloader installed successfully
[21:37:55] [EXIT] Exited script
[21:41:47] [START] Script started
[21:42:01] [EXIT] Exited script
[21:45:55] [START] Script started
[21:47:54] [EXIT] Exited script
[21:48:02] [START] Script started
[21:48:55] [INSTALL] User chose to install all tools
[21:48:55] [OK] pkg list updated
[21:49:04] [SKIPPED] Git: Version control, was already installed (Skipped)
[21:49:04] [SKIPPED] Curl: File downloader 2, was already installed (Skipped)
[21:49:08] [FAIL] Wget: File downloader, failed to install
[21:49:10] [SKIPPED] Bat: Better then 'cat', was already installed (Skipped)
[21:49:10] [SKIPPED] Htop: Hardware use Checker, was already installed (Skipped)
[21:49:20] [FAIL] Fish: A advanced Shell, not installed (no internet)
[21:51:46] [START] Script started
[21:51:49] [INSTALL] User chose to install all tools
[21:51:49] [OK] pkg list updated
[21:52:05] [FAIL] Git: Version control, not installed (no internet)
[21:52:08] [START] Script started
[21:52:18] [INSTALLED] Wget: Command-line downloader installed successfully
[21:53:45] [EXIT] Exited script
[21:53:46] [START] Script started
[21:53:53] [SKIPPED] Wget: Command-line downloader was already installed (Skipped)
[21:54:43] [INSTALLED] Wget: Command-line downloader installed successfully
[21:56:37] [EXIT] Exited script
[21:56:41] [START] Script started
[21:57:09] [INSTALLED] Wget: Command-line downloader installed successfully
[21:58:32] [EXIT] Exited script
[21:58:34] [START] Script started
[21:58:36] [SKIPPED] Wget: Command-line downloader was already installed (Skipped)
[21:59:18] [EXIT] Exited script
[21:59:22] [START] Script started
[21:59:47] [ENTER] User entered sub-menu 'install-sresets'
[21:59:52] [INSTALL] User chose to install 'Minimal tools preset'
[21:59:52] [SKIPPED] Git: Version Control, was already installed (Skipped)
[22:00:02] [FAIL] Curl: Feature-rich URL transfer tool, not installed (no internet)
[23:40:03] [START] Script started
[23:40:37] [INSTALLED] Tmux: A multitasker installed successfully
[23:40:44] [EXIT] Exited script
[12:55:58] [START] Script started
[12:56:16] [EXIT] Exited script
[12:57:16] [START] Script started
[12:57:20] [EXIT] Exited script
[12:58:56] [START] Script started
[12:59:00] [EXIT] Exited script
[12:59:04] [START] Script started
[12:59:25] [SKIPPED] Git: Version control, was already installed (Skipped)
[12:59:25] [SKIPPED] Curl: HTTP request was already installed (Skipped)
[12:59:26] [SKIPPED] Wget: Command-line downloader was already installed (Skipped)
[12:59:49] [EXIT] Exited script
[13:04:02] [START] Script started
[13:04:13] [SKIPPED] Git: Version control, was already installed (Skipped)
[13:04:19] [EXIT] Exited script
[13:05:38] [START] Script started
[13:05:43] [SKIPPED] Git: Version control, was already installed (Skipped)
[13:05:44] [SKIPPED] Zoxide: A better 'cd' was already installed (Skipped)
[13:05:45] [SKIPPED] Bat: A better cat was already installed (Skipped)
[13:05:52] [EXIT] Exited script
[16:28:52] [START] Script started
[16:28:52] [ERR] No internet connection
[16:28:54] [ENTER] User still continued
[16:29:24] [START] Script started
[16:29:24] [ERR] No internet connection
[16:29:26] [ENTER] User still continued
[16:29:44] [EXIT] Exited script
[16:30:45] [START] Script started
[16:30:45] [ERR] No internet connection
[16:30:47] [ENTER] User still continued
[16:31:00] [FAIL] Git: Version control, not installed (no internet)
[17:33:20] [START] Script started
[17:33:20] [ERR] No internet connection
[17:33:21] [ENTER] User still continued
[17:34:35] [EXIT] Exited script
[17:43:40] [START] Script started
[17:43:41] [ERR] No internet connection
[17:43:42] [ENTER] User still continued
[17:44:06] [EXIT] Exited script
[18:00:22] [START] Script started
[18:00:45] [EXIT] Exited script
[18:03:37] [START] Script started
[18:04:52] [EXIT] Exited script
[18:10:05] [START] Script started
[18:11:43] [EXIT] Exited script
[18:13:00] [START] Script started
[18:15:02] [EXIT] Exited script
[18:15:03] [START] Script started
[18:15:13] [ERR] No internet connection
[18:15:15] [ENTER] User still continued
[18:18:26] [EXIT] Exited script
[18:37:55] [START] Script started
[18:38:33] [EXIT] Exited script
[18:41:06] [START] Script started
[18:42:27] [EXIT] Exited script
[18:42:28] [START] Script started
[18:45:38] [EXIT] Exited script
[18:45:45] [START] Script started
[18:45:59] [EXIT] Exited script
[18:46:02] [START] Script started
[18:46:45] [EXIT] Exited script
[19:02:36] [START] Script started
[19:18:21] [EXIT] Exited script
[19:18:31] [START] Script started
[19:18:56] [EXIT] Exited script
[19:19:35] [START] Script started
[19:20:03] [EXIT] Exited script
[19:20:05] [START] Script started
[19:20:40] [EXIT] Exited script
[19:20:42] [START] Script started
[19:21:09] [EXIT] Exited script
[19:21:48] [START] Script started
[19:22:38] [EXIT] Exited script
[19:22:39] [START] Script started
[19:24:16] [EXIT] Exited script
[19:24:18] [START] Script started
[19:24:46] [EXIT] Exited script
[19:24:48] [START] Script started
[19:25:08] [EXIT] Exited script
[19:25:27] [START] Script started
[19:30:51] [EXIT] Exited script
[19:30:52] [START] Script started
[19:31:18] [EXIT] Exited script
[19:31:19] [START] Script started
[19:31:47] [EXIT] Exited script
[19:32:45] [START] Script started
[19:33:23] [EXIT] Exited script
[19:33:24] [START] Script started
[19:33:48] [EXIT] Exited script
[19:33:49] [START] Script started
[19:34:40] [EXIT] Exited script
[19:34:51] [START] Script started
[19:35:01] [ERR] No internet connection
[19:35:03] [ENTER] User still continued
[19:35:21] [EXIT] Exited script
[19:37:51] [START] Script started
[19:38:52] [EXIT] Exited script
[19:38:54] [START] Script started
[19:40:32] [EXIT] Exited script
[19:40:36] [START] Script started
[19:41:16] [EXIT] Exited script
[19:41:18] [START] Script started
[19:41:34] [EXIT] Exited script
[19:42:15] [START] Script started
[19:44:12] [EXIT] Exited script
[19:47:41] [START] Script started
[19:48:43] [START] Script started
[19:49:58] [START] Script started
[19:50:48] [EXIT] Exited script
[19:50:54] [START] Script started
[19:51:54] [EXIT] Exited script
[20:05:03] [START] Script started
[20:07:04] [INSTALLED] Croc: File-sender installed successfully
[20:07:48] [EXIT] Exited script
[20:07:50] [START] Script started
[20:07:58] [INSTALLED] Croc: File-sender installed successfully
[20:10:07] [EXIT] Exited script
[20:10:34] [START] Script started
[20:11:19] [INSTALLED] Croc: File-sender installed successfully
[20:11:27] [EXIT] Exited script
[20:11:29] [START] Script started
[20:12:40] [EXIT] Exited script
[20:12:48] [START] Script started
[20:12:56] [INSTALLED] Croc: File-sender installed successfully
[20:16:25] [EXIT] Exited script
[20:22:45] [START] Script started
[20:22:53] [INSTALLED] Croc: File-sender installed successfully
[20:23:21] [EXIT] Exited script
[20:47:29] [START] Script started
[20:47:33] [SKIPPED] Croc: File-sender was already installed (Skipped)
[20:47:48] [FAIL] Croc: File-sender not installed (no internet)
[20:48:09] [START] Script started
[20:48:14] [SKIPPED] Croc: File-sender was already installed (Skipped)
[20:49:04] [EXIT] Exited script
[20:49:06] [START] Script started
[20:49:16] [ERR] No internet connection
[20:49:23] [START] Script started
[20:49:27] [SKIPPED] Croc: File-sender was already installed (Skipped)
[20:50:10] [EXIT] Exited script
[20:50:38] [START] Script started
[20:50:47] [INSTALLED] Croc: File-sender installed successfully
[20:51:12] [EXIT] Exited script
[20:51:14] [START] Script started
[20:51:23] [INSTALLED] Croc: File-sender installed successfully
[20:51:46] [INSTALLED] Croc: File-sender installed successfully
[20:51:53] [EXIT] Exited script
[23:52:13] [START] Script started
[23:52:58] [EXIT] Exited script
[23:55:22] [START] Script started
[23:55:31] [EXIT] Exited script
[23:56:29] [START] Script started
[23:56:44] [EXIT] Exited script
[14:20:45] [START] Script started
[14:20:45] [ERR] No internet connection
[14:20:47] [ENTER] User still continued
[14:22:05] [INSTALLED] Croc: File-sender installed successfully
[14:22:38] [EXIT] Exited script
[14:23:45] [START] Script started
[14:24:42] [EXIT] Exited script
[14:25:44] [START] Script started
[14:31:59] [EXIT] Exited script
[14:32:00] [START] Script started
[14:32:11] [INSTALLED] Croc: File-sender installed successfully
[14:33:03] [EXIT] Exited script
[14:36:54] [START] Script started
[14:37:12] [INSTALLED] Croc: File-sender installed successfully
[14:37:45] [EXIT] Exited script
[14:38:29] [START] Script started
[14:38:36] [INSTALLED] Croc: File-sender installed successfully
[14:46:02] [EXIT] Exited script
[14:46:03] [START] Script started
[14:46:11] [INSTALLED] Croc: File-sender installed successfully
[14:47:19] [EXIT] Exited script
[14:47:42] [START] Script started
[14:47:49] [INSTALLED] Croc: File-sender installed successfully
[14:48:05] [EXIT] Exited script
[14:49:09] [START] Script started
[14:49:17] [INSTALLED] Croc: File-sender installed successfully
[14:49:53] [EXIT] Exited script
[14:58:59] [START] Script started
[14:59:11] [INSTALLED] Croc: File-sender installed successfully
[15:01:31] [EXIT] Exited script
[15:07:24] [START] Script started
[15:08:25] [EXIT] Exited script
[15:09:32] [START] Script started
[15:10:34] [INSTALLED] Wttr successfully installed
[15:11:11] [EXIT] Exited script
[15:11:12] [START] Script started
[15:11:19] [INSTALLED] Wttr successfully installed
[15:11:36] [EXIT] Exited script
[15:43:33] [START] Script started
[15:43:33] [ERR] No internet connection
[15:43:35] [ENTER] User still continued
[15:44:11] [FAIL] Wttr not installed (no internet)
[15:44:16] [START] Script started
[15:44:26] [INSTALLED] Wttr successfully installed
[15:44:47] [EXIT] Exited script
[15:46:00] [START] Script started
[15:46:07] [INSTALLED] Wttr successfully installed
[15:46:29] [EXIT] Exited script
[15:51:41] [START] Script started
[15:52:11] [EXIT] Exited script
[16:07:20] [START] Script started
[16:09:10] [EXIT] Exited script
[16:12:41] [START] Script started
[16:13:36] [EXIT] Exited script
[16:14:47] [START] Script started
[16:14:58] [EXIT] Exited script
[16:16:00] [START] Script started
[16:16:14] [EXIT] Exited script
[16:18:28] [START] Script started
[16:19:03] [EXIT] Exited script
[16:19:05] [START] Script started
[16:19:29] [EXIT] Exited script
[16:21:07] [START] Script started
[16:21:17] [EXIT] Exited script
[16:23:10] [START] Script started
[16:23:24] [EXIT] Exited script
[16:24:25] [START] Script started
[16:24:38] [EXIT] Exited script
[16:26:23] [START] Script started
[16:27:05] [EXIT] Exited script
[16:27:08] [START] Script started
[16:27:35] [EXIT] Exited script
[16:27:39] [START] Script started
[16:28:31] [EXIT] Exited script
[22:43:09] [START] Script started
[22:43:09] [ERR] No internet connection
[22:43:12] [ENTER] User still continued
[22:43:19] [INSTALL] User chose to install all tools
[22:43:19] [OK] pkg list updated
[22:43:41] [SKIPPED] Git: Version control, was already installed (Skipped)
[22:43:43] [SKIPPED] Curl: File downloader 2, was already installed (Skipped)
[22:43:44] [SKIPPED] Wget: File downloader, was already installed (Skipped)
[22:43:45] [SKIPPED] Bat: Better then 'cat', was already installed (Skipped)
[22:43:46] [SKIPPED] Htop: Hardware use Checker, was already installed (Skipped)
[22:43:48] [SKIPPED] Fish: A advanced Shell, was already installed (Skipped)
[22:43:49] [SKIPPED] OpenSSH: Server deployment, was already installed (Skipped)
[22:43:50] [SKIPPED] Python3: Coding language, was already installed (Skipped)
[22:43:51] [SKIPPED] Nmap: Network scanner, was already installed (Skipped)
[22:43:53] [SKIPPED] Libcaca: Cool fire, was already installed (Skipped)
[22:43:54] [SKIPPED] Speedtest-Go: WI-FI-speed Checker, was already installed (Skipped)
[22:43:55] [SKIPPED] CPUfetch: Cpu-info, was already installed (Skipped)
[22:43:56] [SKIPPED] Neofetch: System-info, was already installed (Skipped)
[22:43:58] [SKIPPED] Ranger: A Filamanager, was already installed (Skipped)
[22:43:59] [SKIPPED] Nano: Text editor, was already installed (Skipped)
[22:44:00] [SKIPPED] Sl: Steam Locomotive, was already installed (Skipped)
[22:44:01] [SKIPPED] Ncdu: du Checker, was already installed (Skipped)
[22:44:03] [SKIPPED] Neovim: Best code editor, was already installed (Skipped)
[22:44:04] [SKIPPED] Node.Js: JS Runtime env, was already installed (Skipped)
[22:44:18] [SKIPPED] Cbonsai: Japanise tree, was already installed (Skipped)
[22:44:19] [SKIPPED] Asciinema: Terminal-recoder, was already installed (Skipped)
[22:44:26] [INSTALLED] Croc: File-sender, installed successfully
[22:44:27] [SKIPPED] Fzf: File-finder, was already installed (Skipped)
[22:44:29] [SKIPPED] Zoxide: Smarter cd, was already installed (Skipped)
[22:44:30] [SKIPPED] Zsh: Most awesome shell, was already installed (Skipped)
[22:44:49] [SKIPPED] Duf: File/dir size Checker, was already installed (Skipped)
[22:44:50] [SKIPPED] tty-clock: A big clock, was already installed (Skipped)
[22:44:51] [SKIPPED] Pipes.sh: Line-Snake, was already installed (Skipped)
[22:44:52] [SKIPPED] Yazi: Filamanager, was already installed (Skipped)
[22:44:54] [SKIPPED] Lsd: 'ls' alternative, was already installed (Skipped)
[22:44:55] [SKIPPED] Broot: Filenavigator, was already installed (Skipped)
[22:44:56] [SKIPPED] Dust: Better version of du, was already installed (Skipped)
[22:44:57] [SKIPPED] Procs: Morden 'ps', was already installed (Skipped)
[22:44:58] [SKIPPED] Tldr: Man pages, was already installed (Skipped)
[22:45:00] [SKIPPED] Gh: Guthub-Cli was already installed (Skipped)
[22:45:01] [SKIPPED] Holehe, was already installed (Skipped)
[22:45:04] [SKIPPED] Asciiqurium, was already installed (Skipped)
[22:45:08] [SKIPPED] Wttr.io, was already installed (Skipped)
[22:45:11] [SKIPPED] Tmux: A multitasker, was already installed (Skipped)
[22:45:12] [SKIPPED] Lazygit: A git TUI, was already installed (Skipped)
[22:45:13] [OK] Post-Installation-Summary shown
[22:57:44] [EXIT] Exited script
[22:57:47] [START] Script started
[22:58:13] [EXIT] Exited script
[22:58:39] [START] Script started
[22:58:47] [INSTALL] User chose to install all tools
[22:58:48] [OK] pkg list updated
[22:58:57] [OK] pkg/system upgraded
[22:59:18] [SKIPPED] Git: Version control, was already installed (Skipped)
[22:59:19] [SKIPPED] Curl: File downloader 2, was already installed (Skipped)
[22:59:21] [SKIPPED] Wget: File downloader, was already installed (Skipped)
[22:59:22] [SKIPPED] Bat: Better then 'cat', was already installed (Skipped)
[22:59:23] [SKIPPED] Htop: Hardware use Checker, was already installed (Skipped)
[22:59:24] [SKIPPED] Fish: A advanced Shell, was already installed (Skipped)
[22:59:26] [SKIPPED] OpenSSH: Server deployment, was already installed (Skipped)
[22:59:27] [SKIPPED] Python3: Coding language, was already installed (Skipped)
[22:59:28] [SKIPPED] Nmap: Network scanner, was already installed (Skipped)
[22:59:29] [SKIPPED] Libcaca: Cool fire, was already installed (Skipped)
[22:59:30] [SKIPPED] Speedtest-Go: WI-FI-speed Checker, was already installed (Skipped)
[22:59:32] [SKIPPED] CPUfetch: Cpu-info, was already installed (Skipped)
[22:59:33] [SKIPPED] Neofetch: System-info, was already installed (Skipped)
[22:59:34] [SKIPPED] Ranger: A Filamanager, was already installed (Skipped)
[22:59:35] [SKIPPED] Nano: Text editor, was already installed (Skipped)
[22:59:36] [SKIPPED] Sl: Steam Locomotive, was already installed (Skipped)
[22:59:38] [SKIPPED] Ncdu: du Checker, was already installed (Skipped)
[22:59:39] [SKIPPED] Neovim: Best code editor, was already installed (Skipped)
[22:59:40] [SKIPPED] Node.Js: JS Runtime env, was already installed (Skipped)
[23:00:09] [SKIPPED] Cbonsai: Japanise tree, was already installed (Skipped)
[23:00:11] [SKIPPED] Asciinema: Terminal-recoder, was already installed (Skipped)
[23:00:12] [SKIPPED] Croc: File-sender, was already installed (Skipped)
[23:00:13] [SKIPPED] Fzf: File-finder, was already installed (Skipped)
[23:00:14] [SKIPPED] Zoxide: Smarter cd, was already installed (Skipped)
[23:00:15] [SKIPPED] Zsh: Most awesome shell, was already installed (Skipped)
[23:00:30] [SKIPPED] Duf: File/dir size Checker, was already installed (Skipped)
[23:00:31] [SKIPPED] tty-clock: A big clock, was already installed (Skipped)
[23:00:33] [SKIPPED] Pipes.sh: Line-Snake, was already installed (Skipped)
[23:00:34] [SKIPPED] Yazi: Filamanager, was already installed (Skipped)
[23:00:35] [SKIPPED] Lsd: 'ls' alternative, was already installed (Skipped)
[23:00:36] [SKIPPED] Broot: Filenavigator, was already installed (Skipped)
[23:00:38] [SKIPPED] Dust: Better version of du, was already installed (Skipped)
[23:00:39] [SKIPPED] Procs: Morden 'ps', was already installed (Skipped)
[23:00:40] [SKIPPED] Tldr: Man pages, was already installed (Skipped)
[23:00:41] [SKIPPED] Gh: Guthub-Cli was already installed (Skipped)
[23:00:43] [SKIPPED] Holehe, was already installed (Skipped)
[23:00:46] [SKIPPED] Asciiqurium, was already installed (Skipped)
[23:00:49] [SKIPPED] Wttr.io, was already installed (Skipped)
[23:00:52] [SKIPPED] Tmux: A multitasker, was already installed (Skipped)
[23:00:54] [SKIPPED] Lazygit: A git TUI, was already installed (Skipped)
[23:00:55] [OK] Post-Installation-Summary shown
[23:01:06] [EXIT] Exited script
[23:09:07] [START] Script started
[23:09:10] [INSTALL] User chose to install all tools
[23:09:10] [OK] pkg list updated
[23:09:20] [SKIPPED] Git: Version control, was already installed (Skipped)
[23:09:22] [SKIPPED] Curl: File downloader 2, was already installed (Skipped)
[23:09:23] [SKIPPED] Wget: File downloader, was already installed (Skipped)
[23:09:24] [SKIPPED] Bat: Better then 'cat', was already installed (Skipped)
[23:09:25] [SKIPPED] Htop: Hardware use Checker, was already installed (Skipped)
[23:09:26] [SKIPPED] Fish: A advanced Shell, was already installed (Skipped)
[23:09:27] [SKIPPED] OpenSSH: Server deployment, was already installed (Skipped)
[23:09:29] [SKIPPED] Python3: Coding language, was already installed (Skipped)
[23:09:30] [SKIPPED] Nmap: Network scanner, was already installed (Skipped)
[23:09:31] [SKIPPED] Libcaca: Cool fire, was already installed (Skipped)
[23:09:32] [SKIPPED] Speedtest-Go: WI-FI-speed Checker, was already installed (Skipped)
[23:09:33] [SKIPPED] CPUfetch: Cpu-info, was already installed (Skipped)
[23:09:35] [SKIPPED] Neofetch: System-info, was already installed (Skipped)
[23:09:36] [SKIPPED] Ranger: A Filamanager, was already installed (Skipped)
[23:09:37] [SKIPPED] Nano: Text editor, was already installed (Skipped)
[23:09:38] [SKIPPED] Sl: Steam Locomotive, was already installed (Skipped)
[23:09:39] [SKIPPED] Ncdu: du Checker, was already installed (Skipped)
[23:09:41] [SKIPPED] Neovim: Best code editor, was already installed (Skipped)
[23:09:42] [SKIPPED] Node.Js: JS Runtime env, was already installed (Skipped)
[23:10:47] [SKIPPED] Cbonsai: Japanise tree, was already installed (Skipped)
[23:10:48] [SKIPPED] Asciinema: Terminal-recoder, was already installed (Skipped)
[23:10:49] [SKIPPED] Croc: File-sender, was already installed (Skipped)
[23:10:50] [SKIPPED] Fzf: File-finder, was already installed (Skipped)
[23:10:51] [SKIPPED] Zoxide: Smarter cd, was already installed (Skipped)
[23:10:53] [SKIPPED] Zsh: Most awesome shell, was already installed (Skipped)
[23:11:21] [SKIPPED] Duf: File/dir size Checker, was already installed (Skipped)
[23:11:23] [SKIPPED] tty-clock: A big clock, was already installed (Skipped)
[23:11:24] [SKIPPED] Pipes.sh: Line-Snake, was already installed (Skipped)
[23:11:25] [SKIPPED] Yazi: Filamanager, was already installed (Skipped)
[23:11:26] [SKIPPED] Lsd: 'ls' alternative, was already installed (Skipped)
[23:11:27] [SKIPPED] Broot: Filenavigator, was already installed (Skipped)
[23:11:29] [SKIPPED] Dust: Better version of du, was already installed (Skipped)
[23:11:30] [SKIPPED] Procs: Morden 'ps', was already installed (Skipped)
[23:11:31] [SKIPPED] Tldr: Man pages, was already installed (Skipped)
[23:11:32] [SKIPPED] Gh: Guthub-Cli was already installed (Skipped)
[23:11:33] [SKIPPED] Holehe, was already installed (Skipped)
[23:11:35] [EXIT] Exited script
[23:14:44] [START] Script started
[23:14:48] [INSTALL] User chose to install all tools
[23:14:48] [OK] pkg list updated
[23:14:55] [SKIPPED] Git: Version control, was already installed (Skipped)
[23:14:56] [SKIPPED] Curl: File downloader 2, was already installed (Skipped)
[23:14:57] [SKIPPED] Wget: File downloader, was already installed (Skipped)
[23:14:58] [SKIPPED] Bat: Better then 'cat', was already installed (Skipped)
[23:15:00] [SKIPPED] Htop: Hardware use Checker, was already installed (Skipped)
[23:15:01] [SKIPPED] Fish: A advanced Shell, was already installed (Skipped)
[23:15:02] [SKIPPED] OpenSSH: Server deployment, was already installed (Skipped)
[23:15:03] [SKIPPED] Python3: Coding language, was already installed (Skipped)
[23:15:04] [SKIPPED] Nmap: Network scanner, was already installed (Skipped)
[23:15:06] [SKIPPED] Libcaca: Cool fire, was already installed (Skipped)
[23:15:07] [SKIPPED] Speedtest-Go: WI-FI-speed Checker, was already installed (Skipped)
[23:15:08] [SKIPPED] CPUfetch: Cpu-info, was already installed (Skipped)
[23:15:09] [SKIPPED] Neofetch: System-info, was already installed (Skipped)
[23:15:10] [SKIPPED] Ranger: A Filamanager, was already installed (Skipped)
[23:15:12] [SKIPPED] Nano: Text editor, was already installed (Skipped)
[23:15:13] [SKIPPED] Sl: Steam Locomotive, was already installed (Skipped)
[23:15:14] [SKIPPED] Ncdu: du Checker, was already installed (Skipped)
[23:15:15] [SKIPPED] Neovim: Best code editor, was already installed (Skipped)
[23:15:17] [SKIPPED] Node.Js: JS Runtime env, was already installed (Skipped)
[23:15:20] [SKIPPED] Cbonsai: Japanise tree, was already installed (Skipped)
[23:15:21] [SKIPPED] Asciinema: Terminal-recoder, was already installed (Skipped)
[23:15:22] [SKIPPED] Croc: File-sender, was already installed (Skipped)
[23:15:24] [SKIPPED] Fzf: File-finder, was already installed (Skipped)
[23:15:25] [SKIPPED] Zoxide: Smarter cd, was already installed (Skipped)
[23:15:26] [SKIPPED] Zsh: Most awesome shell, was already installed (Skipped)
[23:15:32] [SKIPPED] Duf: File/dir size Checker, was already installed (Skipped)
[23:15:33] [SKIPPED] tty-clock: A big clock, was already installed (Skipped)
[23:15:34] [SKIPPED] Pipes.sh: Line-Snake, was already installed (Skipped)
[23:15:35] [SKIPPED] Yazi: Filamanager, was already installed (Skipped)
[23:15:37] [SKIPPED] Lsd: 'ls' alternative, was already installed (Skipped)
[23:15:38] [SKIPPED] Broot: Filenavigator, was already installed (Skipped)
[23:15:39] [SKIPPED] Dust: Better version of du, was already installed (Skipped)
[23:15:40] [SKIPPED] Procs: Morden 'ps', was already installed (Skipped)
[23:15:41] [EXIT] Exited script
[23:20:17] [START] Script started
[23:20:20] [INSTALL] User chose to install all tools
[23:20:20] [OK] pkg list updated
[23:20:26] [OK] pkg/system upgraded
[23:20:27] [SKIPPED] Git: Version control, was already installed (Skipped)
[23:20:28] [SKIPPED] Curl: File downloader 2, was already installed (Skipped)
[23:20:30] [SKIPPED] Wget: File downloader, was already installed (Skipped)
[23:20:31] [SKIPPED] Bat: Better then 'cat', was already installed (Skipped)
[23:20:32] [SKIPPED] Htop: Hardware use Checker, was already installed (Skipped)
[23:20:43] [FAIL] Fish: A advanced Shell, not installed (no internet)
[23:42:50] [START] Script started
[23:42:50] [ERR] No internet connection
[23:42:55] [ENTER] User still continued
[23:43:03] [INSTALL] User chose to install all tools
[23:43:04] [OK] pkg list updated
[23:43:14] [SKIPPED] Git: Version control, was already installed (Skipped)
[23:43:16] [SKIPPED] Curl: File downloader 2, was already installed (Skipped)
[23:43:17] [SKIPPED] Wget: File downloader, was already installed (Skipped)
[23:43:18] [SKIPPED] Bat: Better then 'cat', was already installed (Skipped)
[23:43:19] [SKIPPED] Htop: Hardware use Checker, was already installed (Skipped)
[23:43:20] [SKIPPED] Fish: A advanced Shell, was already installed (Skipped)
[23:43:22] [SKIPPED] OpenSSH: Server deployment, was already installed (Skipped)
[23:43:23] [SKIPPED] Python3: Coding language, was already installed (Skipped)
[23:43:24] [SKIPPED] Nmap: Network scanner, was already installed (Skipped)
[23:43:25] [SKIPPED] Libcaca: Cool fire, was already installed (Skipped)
[23:43:26] [SKIPPED] Speedtest-Go: WI-FI-speed Checker, was already installed (Skipped)
[23:43:28] [SKIPPED] CPUfetch: Cpu-info, was already installed (Skipped)
[23:43:29] [SKIPPED] Neofetch: System-info, was already installed (Skipped)
[23:43:30] [SKIPPED] Ranger: A Filamanager, was already installed (Skipped)
[23:43:31] [SKIPPED] Nano: Text editor, was already installed (Skipped)
[23:43:33] [SKIPPED] Sl: Steam Locomotive, was already installed (Skipped)
[23:43:34] [SKIPPED] Ncdu: du Checker, was already installed (Skipped)
[23:43:35] [SKIPPED] Neovim: Best code editor, was already installed (Skipped)
[23:43:36] [SKIPPED] Node.Js: JS Runtime env, was already installed (Skipped)
[23:43:54] [SKIPPED] Cbonsai: Japanise tree, was already installed (Skipped)
[23:43:56] [SKIPPED] Asciinema: Terminal-recoder, was already installed (Skipped)
[23:43:57] [SKIPPED] Croc: File-sender, was already installed (Skipped)
[23:43:58] [SKIPPED] Fzf: File-finder, was already installed (Skipped)
[23:43:59] [SKIPPED] Zoxide: Smarter cd, was already installed (Skipped)
[23:44:01] [SKIPPED] Zsh: Most awesome shell, was already installed (Skipped)
[23:44:31] [EXIT] Exited script
[23:45:39] [START] Script started
[23:45:42] [INSTALL] User chose to install all tools
[23:45:42] [OK] pkg list updated
[23:46:12] [SKIPPED] Git: Version control, was already installed (Skipped)
[23:46:13] [SKIPPED] Curl: File downloader 2, was already installed (Skipped)
[23:46:14] [SKIPPED] Wget: File downloader, was already installed (Skipped)
[23:46:15] [SKIPPED] Bat: Better then 'cat', was already installed (Skipped)
[23:46:16] [SKIPPED] Htop: Hardware use Checker, was already installed (Skipped)
[23:46:18] [SKIPPED] Fish: A advanced Shell, was already installed (Skipped)
[23:46:19] [SKIPPED] OpenSSH: Server deployment, was already installed (Skipped)
[23:46:20] [SKIPPED] Python3: Coding language, was already installed (Skipped)
[23:46:21] [SKIPPED] Nmap: Network scanner, was already installed (Skipped)
[23:46:23] [SKIPPED] Libcaca: Cool fire, was already installed (Skipped)
[23:46:24] [SKIPPED] Speedtest-Go: WI-FI-speed Checker, was already installed (Skipped)
[23:46:25] [SKIPPED] CPUfetch: Cpu-info, was already installed (Skipped)
[23:46:26] [SKIPPED] Neofetch: System-info, was already installed (Skipped)
[23:46:27] [SKIPPED] Ranger: A Filamanager, was already installed (Skipped)
[23:46:29] [SKIPPED] Nano: Text editor, was already installed (Skipped)
[23:46:30] [SKIPPED] Sl: Steam Locomotive, was already installed (Skipped)
[23:46:31] [SKIPPED] Ncdu: du Checker, was already installed (Skipped)
[23:46:32] [SKIPPED] Neovim: Best code editor, was already installed (Skipped)
[23:46:34] [SKIPPED] Node.Js: JS Runtime env, was already installed (Skipped)
[23:46:34] [EXIT] Exited script
[23:46:36] [START] Script started
[23:46:40] [INSTALL] User chose to install all tools
[23:46:40] [OK] pkg list updated
[23:46:47] [OK] pkg/system upgraded
[23:46:47] [SKIPPED] Git: Version control, was already installed (Skipped)
[23:46:49] [SKIPPED] Curl: File downloader 2, was already installed (Skipped)
[23:46:50] [SKIPPED] Wget: File downloader, was already installed (Skipped)
[23:46:51] [SKIPPED] Bat: Better then 'cat', was already installed (Skipped)
[23:46:52] [SKIPPED] Htop: Hardware use Checker, was already installed (Skipped)
[23:46:54] [SKIPPED] Fish: A advanced Shell, was already installed (Skipped)
[23:46:55] [EXIT] Exited script
[23:49:23] [START] Script started
[23:49:25] [INSTALL] User chose to install all tools
[23:49:25] [OK] pkg list updated
[23:49:33] [OK] pkg/system upgraded
[23:49:33] [SKIPPED] Git: Version control, was already installed (Skipped)
[23:49:34] [SKIPPED] Curl: File downloader 2, was already installed (Skipped)
[23:49:36] [SKIPPED] Wget: File downloader, was already installed (Skipped)
[23:49:37] [SKIPPED] Bat: Better then 'cat', was already installed (Skipped)
[23:49:38] [SKIPPED] Htop: Hardware use Checker, was already installed (Skipped)
[23:49:38] [EXIT] Exited script
[23:50:03] [START] Script started
[23:50:05] [INSTALL] User chose to install all tools
[23:50:06] [OK] pkg list updated
[23:50:15] [SKIPPED] Git: Version control, was already installed (Skipped)
[23:50:16] [SKIPPED] Curl: File downloader 2, was already installed (Skipped)
[23:50:18] [SKIPPED] Wget: File downloader, was already installed (Skipped)
[23:50:19] [SKIPPED] Bat: Better then 'cat', was already installed (Skipped)
[23:50:20] [SKIPPED] Htop: Hardware use Checker, was already installed (Skipped)
[23:50:21] [SKIPPED] Fish: A advanced Shell, was already installed (Skipped)
[23:50:23] [SKIPPED] OpenSSH: Server deployment, was already installed (Skipped)
[23:50:24] [SKIPPED] Python3: Coding language, was already installed (Skipped)
[23:50:25] [SKIPPED] Nmap: Network scanner, was already installed (Skipped)
[23:50:26] [SKIPPED] Libcaca: Cool fire, was already installed (Skipped)
[23:50:27] [SKIPPED] Speedtest-Go: WI-FI-speed Checker, was already installed (Skipped)
[23:50:29] [SKIPPED] CPUfetch: Cpu-info, was already installed (Skipped)
[23:50:30] [SKIPPED] Neofetch: System-info, was already installed (Skipped)
[23:50:31] [SKIPPED] Ranger: A Filamanager, was already installed (Skipped)
[23:50:32] [SKIPPED] Nano: Text editor, was already installed (Skipped)
[23:50:34] [SKIPPED] Sl: Steam Locomotive, was already installed (Skipped)
[23:50:35] [SKIPPED] Ncdu: du Checker, was already installed (Skipped)
[23:50:36] [SKIPPED] Neovim: Best code editor, was already installed (Skipped)
[23:50:37] [SKIPPED] Node.Js: JS Runtime env, was already installed (Skipped)
[23:50:54] [EXIT] Exited script
[23:53:15] [START] Script started
[23:53:17] [INSTALL] User chose to install all tools
[23:53:18] [OK] pkg list updated
[23:53:27] [SKIPPED] Git: Version control, was already installed (Skipped)
[23:53:29] [SKIPPED] Curl: File downloader 2, was already installed (Skipped)
[23:53:30] [SKIPPED] Wget: File downloader, was already installed (Skipped)
[23:53:31] [SKIPPED] Bat: Better then 'cat', was already installed (Skipped)
[23:53:32] [SKIPPED] Htop: Hardware use Checker, was already installed (Skipped)
[23:53:33] [SKIPPED] Fish: A advanced Shell, was already installed (Skipped)
[23:53:35] [SKIPPED] OpenSSH: Server deployment, was already installed (Skipped)
[23:53:36] [SKIPPED] Python3: Coding language, was already installed (Skipped)
[23:53:37] [SKIPPED] Nmap: Network scanner, was already installed (Skipped)
[23:53:38] [EXIT] Exited script
[00:08:55] [START] Script started
[00:09:03] [INSTALL] User chose to install all tools
[00:09:03] [OK] pkg list updated
[00:09:15] [SKIPPED] Git: Version control, was already installed (Skipped)
[00:09:16] [SKIPPED] Curl: File downloader 2, was already installed (Skipped)
[00:09:17] [SKIPPED] Wget: File downloader, was already installed (Skipped)
[00:09:18] [EXIT] Exited script
[00:11:02] [START] Script started
[00:11:04] [INSTALL] User chose to install all tools
[00:11:04] [OK] pkg list updated
[00:11:16] [SKIPPED] Git: Version control, was already installed (Skipped)
[00:11:17] [SKIPPED] Curl: File downloader 2, was already installed (Skipped)
[00:11:18] [SKIPPED] Wget: File downloader, was already installed (Skipped)
[00:11:20] [SKIPPED] Bat: Better then 'cat', was already installed (Skipped)
[00:11:21] [SKIPPED] Htop: Hardware use Checker, was already installed (Skipped)
[00:11:22] [SKIPPED] Fish: A advanced Shell, was already installed (Skipped)
[00:11:23] [SKIPPED] OpenSSH: Server deployment, was already installed (Skipped)
[00:11:25] [SKIPPED] Python3: Coding language, was already installed (Skipped)
[00:11:26] [SKIPPED] Nmap: Network scanner, was already installed (Skipped)
[00:11:27] [SKIPPED] Libcaca: Cool fire, was already installed (Skipped)
[00:11:28] [SKIPPED] Speedtest-Go: WI-FI-speed Checker, was already installed (Skipped)
[00:11:30] [SKIPPED] CPUfetch: Cpu-info, was already installed (Skipped)
[00:11:31] [SKIPPED] Neofetch: System-info, was already installed (Skipped)
[00:11:32] [SKIPPED] Ranger: A Filamanager, was already installed (Skipped)
[00:11:33] [SKIPPED] Nano: Text editor, was already installed (Skipped)
[00:11:34] [SKIPPED] Sl: Steam Locomotive, was already installed (Skipped)
[00:11:36] [SKIPPED] Ncdu: du Checker, was already installed (Skipped)
[00:11:37] [SKIPPED] Neovim: Best code editor, was already installed (Skipped)
[00:11:38] [SKIPPED] Node.Js: JS Runtime env, was already installed (Skipped)
[00:11:52] [FAIL] Cbonsai: Japanise tree, not installed (no internet)
[00:22:31] [START] Script started
[00:22:34] [INSTALL] User chose to install all tools
[00:22:34] [OK] pkg list updated
[00:22:47] [SKIPPED] Git: Version control, was already installed (Skipped)
[00:22:48] [SKIPPED] Curl: File downloader 2, was already installed (Skipped)
[00:22:49] [SKIPPED] Wget: File downloader, was already installed (Skipped)
[00:22:50] [SKIPPED] Bat: Better then 'cat', was already installed (Skipped)
[00:22:52] [SKIPPED] Htop: Hardware use Checker, was already installed (Skipped)
[00:22:53] [SKIPPED] Fish: A advanced Shell, was already installed (Skipped)
[00:22:54] [SKIPPED] OpenSSH: Server deployment, was already installed (Skipped)
[00:22:55] [SKIPPED] Python3: Coding language, was already installed (Skipped)
[00:22:56] [SKIPPED] Nmap: Network scanner, was already installed (Skipped)
[00:22:58] [SKIPPED] Libcaca: Cool fire, was already installed (Skipped)
[00:22:59] [SKIPPED] Speedtest-Go: WI-FI-speed Checker, was already installed (Skipped)
[00:23:00] [SKIPPED] CPUfetch: Cpu-info, was already installed (Skipped)
[00:23:01] [SKIPPED] Neofetch: System-info, was already installed (Skipped)
[00:23:03] [SKIPPED] Ranger: A Filamanager, was already installed (Skipped)
[00:23:04] [SKIPPED] Nano: Text editor, was already installed (Skipped)
[00:23:06] [SKIPPED] Sl: Steam Locomotive, was already installed (Skipped)
[00:23:07] [SKIPPED] Ncdu: du Checker, was already installed (Skipped)
[00:23:08] [SKIPPED] Neovim: Best code editor, was already installed (Skipped)
[00:23:09] [SKIPPED] Node.Js: JS Runtime env, was already installed (Skipped)
[00:23:14] [SKIPPED] Cbonsai: Japanise tree, was already installed (Skipped)
[00:23:15] [SKIPPED] Asciinema: Terminal-recoder, was already installed (Skipped)
[00:23:16] [SKIPPED] Croc: File-sender, was already installed (Skipped)
[00:23:18] [SKIPPED] Fzf: File-finder, was already installed (Skipped)
[00:23:19] [SKIPPED] Zoxide: Smarter cd, was already installed (Skipped)
[00:23:20] [SKIPPED] Zsh: Most awesome shell, was already installed (Skipped)
[00:23:29] [SKIPPED] Duf: File/dir size Checker, was already installed (Skipped)
[00:23:31] [SKIPPED] tty-clock: A big clock, was already installed (Skipped)
[00:23:32] [SKIPPED] Pipes.sh: Line-Snake, was already installed (Skipped)
[00:23:33] [SKIPPED] Yazi: Filamanager, was already installed (Skipped)
[00:23:34] [SKIPPED] Lsd: 'ls' alternative, was already installed (Skipped)
[00:23:36] [SKIPPED] Broot: Filenavigator, was already installed (Skipped)
[00:23:37] [SKIPPED] Dust: Better version of du, was already installed (Skipped)
[00:23:38] [SKIPPED] Procs: Morden 'ps', was already installed (Skipped)
[00:23:39] [SKIPPED] Tldr: Man pages, was already installed (Skipped)
[00:23:41] [SKIPPED] Gh: Guthub-Cli was already installed (Skipped)
[00:23:42] [SKIPPED] Holehe, was already installed (Skipped)
[00:23:45] [SKIPPED] Asciiqurium, was already installed (Skipped)
[00:23:48] [SKIPPED] Wttr.io, was already installed (Skipped)
[00:23:52] [SKIPPED] Tmux: A multitasker, was already installed (Skipped)
[00:23:53] [SKIPPED] Lazygit: A git TUI, was already installed (Skipped)
[00:23:54] [OK] Post-Installation-Summary shown
[00:23:58] [EXIT] Exited script
[00:28:12] [START] Script started
[00:28:27] [INSTALL] User chose to install all tools
[00:28:27] [OK] pkg list updated
[00:28:39] [SKIPPED] Git: Version control, was already installed (Skipped)
[00:28:40] [SKIPPED] Curl: File downloader 2, was already installed (Skipped)
[00:28:41] [SKIPPED] Wget: File downloader, was already installed (Skipped)
[00:28:42] [SKIPPED] Bat: Better then 'cat', was already installed (Skipped)
[00:28:43] [SKIPPED] Htop: Hardware use Checker, was already installed (Skipped)
[00:28:45] [SKIPPED] Fish: A advanced Shell, was already installed (Skipped)
[00:28:46] [SKIPPED] OpenSSH: Server deployment, was already installed (Skipped)
[00:28:47] [SKIPPED] Python3: Coding language, was already installed (Skipped)
[00:28:48] [SKIPPED] Nmap: Network scanner, was already installed (Skipped)
[00:28:50] [SKIPPED] Libcaca: Cool fire, was already installed (Skipped)
[00:28:51] [SKIPPED] Speedtest-Go: WI-FI-speed Checker, was already installed (Skipped)
[00:28:52] [SKIPPED] CPUfetch: Cpu-info, was already installed (Skipped)
[00:28:53] [SKIPPED] Neofetch: System-info, was already installed (Skipped)
[00:28:55] [SKIPPED] Ranger: A Filamanager, was already installed (Skipped)
[00:28:56] [SKIPPED] Nano: Text editor, was already installed (Skipped)
[00:28:57] [SKIPPED] Sl: Steam Locomotive, was already installed (Skipped)
[00:28:58] [SKIPPED] Ncdu: du Checker, was already installed (Skipped)
[00:28:59] [SKIPPED] Neovim: Best code editor, was already installed (Skipped)
[00:29:01] [SKIPPED] Node.Js: JS Runtime env, was already installed (Skipped)
[00:29:05] [SKIPPED] Cbonsai: Japanise tree, was already installed (Skipped)
[00:29:06] [SKIPPED] Asciinema: Terminal-recoder, was already installed (Skipped)
[00:29:07] [SKIPPED] Croc: File-sender, was already installed (Skipped)
[00:29:09] [SKIPPED] Fzf: File-finder, was already installed (Skipped)
[00:29:10] [SKIPPED] Zoxide: Smarter cd, was already installed (Skipped)
[00:29:11] [SKIPPED] Zsh: Most awesome shell, was already installed (Skipped)
[00:29:21] [SKIPPED] Duf: File/dir size Checker, was already installed (Skipped)
[00:29:22] [SKIPPED] tty-clock: A big clock, was already installed (Skipped)
[00:29:23] [SKIPPED] Pipes.sh: Line-Snake, was already installed (Skipped)
[00:29:24] [SKIPPED] Yazi: Filamanager, was already installed (Skipped)
[00:29:26] [SKIPPED] Lsd: 'ls' alternative, was already installed (Skipped)
[00:29:27] [SKIPPED] Broot: Filenavigator, was already installed (Skipped)
[00:29:28] [SKIPPED] Dust: Better version of du, was already installed (Skipped)
[00:29:29] [SKIPPED] Procs: Morden 'ps', was already installed (Skipped)
[00:29:31] [SKIPPED] Tldr: Man pages, was already installed (Skipped)
[00:29:32] [SKIPPED] Gh: Guthub-Cli was already installed (Skipped)
[00:29:33] [SKIPPED] Holehe, was already installed (Skipped)
[00:29:36] [SKIPPED] Asciiqurium, was already installed (Skipped)
[00:29:40] [SKIPPED] Wttr.io, was already installed (Skipped)
[00:29:43] [SKIPPED] Tmux: A multitasker, was already installed (Skipped)
[00:29:44] [SKIPPED] Lazygit: A git TUI, was already installed (Skipped)
[00:29:45] [OK] Post-Installation-Summary shown
[00:30:48] [EXIT] Exited script
[00:30:51] [START] Script started
[00:30:56] [EXIT] Exited script
[00:31:39] [START] Script started
[00:31:41] [INSTALL] User chose to install all tools
[00:31:42] [OK] pkg list updated
[00:31:53] [SKIPPED] Git: Version control, was already installed (Skipped)
[00:31:54] [SKIPPED] Curl: File downloader 2, was already installed (Skipped)
[00:31:54] [SKIPPED] Wget: File downloader, was already installed (Skipped)
[00:31:54] [SKIPPED] Bat: Better then 'cat', was already installed (Skipped)
[00:31:55] [SKIPPED] Htop: Hardware use Checker, was already installed (Skipped)
[00:31:55] [SKIPPED] Fish: A advanced Shell, was already installed (Skipped)
[00:31:55] [SKIPPED] OpenSSH: Server deployment, was already installed (Skipped)
[00:31:56] [SKIPPED] Python3: Coding language, was already installed (Skipped)
[00:31:56] [SKIPPED] Nmap: Network scanner, was already installed (Skipped)
[00:31:56] [SKIPPED] Libcaca: Cool fire, was already installed (Skipped)
[00:31:57] [SKIPPED] Speedtest-Go: WI-FI-speed Checker, was already installed (Skipped)
[00:31:57] [SKIPPED] CPUfetch: Cpu-info, was already installed (Skipped)
[00:31:57] [SKIPPED] Neofetch: System-info, was already installed (Skipped)
[00:31:58] [SKIPPED] Ranger: A Filamanager, was already installed (Skipped)
[00:31:58] [SKIPPED] Nano: Text editor, was already installed (Skipped)
[00:31:58] [SKIPPED] Sl: Steam Locomotive, was already installed (Skipped)
[00:31:58] [SKIPPED] Ncdu: du Checker, was already installed (Skipped)
[00:31:59] [SKIPPED] Neovim: Best code editor, was already installed (Skipped)
[00:31:59] [SKIPPED] Node.Js: JS Runtime env, was already installed (Skipped)
[00:32:03] [SKIPPED] Cbonsai: Japanise tree, was already installed (Skipped)
[00:32:03] [SKIPPED] Asciinema: Terminal-recoder, was already installed (Skipped)
[00:32:03] [SKIPPED] Croc: File-sender, was already installed (Skipped)
[00:32:04] [SKIPPED] Fzf: File-finder, was already installed (Skipped)
[00:32:04] [SKIPPED] Zoxide: Smarter cd, was already installed (Skipped)
[00:32:04] [SKIPPED] Zsh: Most awesome shell, was already installed (Skipped)
[00:32:13] [SKIPPED] Duf: File/dir size Checker, was already installed (Skipped)
[00:32:13] [SKIPPED] tty-clock: A big clock, was already installed (Skipped)
[00:32:13] [SKIPPED] Pipes.sh: Line-Snake, was already installed (Skipped)
[00:32:14] [SKIPPED] Yazi: Filamanager, was already installed (Skipped)
[00:32:14] [SKIPPED] Lsd: 'ls' alternative, was already installed (Skipped)
[00:32:14] [SKIPPED] Broot: Filenavigator, was already installed (Skipped)
[00:32:15] [SKIPPED] Dust: Better version of du, was already installed (Skipped)
[00:32:15] [SKIPPED] Procs: Morden 'ps', was already installed (Skipped)
[00:32:15] [SKIPPED] Tldr: Man pages, was already installed (Skipped)
[00:32:16] [SKIPPED] Gh: Guthub-Cli was already installed (Skipped)
[00:32:16] [SKIPPED] Holehe, was already installed (Skipped)
[00:32:19] [SKIPPED] Asciiqurium, was already installed (Skipped)
[00:32:22] [SKIPPED] Wttr.io, was already installed (Skipped)
[00:32:26] [SKIPPED] Tmux: A multitasker, was already installed (Skipped)
[00:32:26] [SKIPPED] Lazygit: A git TUI, was already installed (Skipped)
[00:32:26] [OK] Post-Installation-Summary shown
[00:34:17] [EXIT] Exited script
[00:34:20] [START] Script started
[00:34:25] [EXIT] Exited script
[00:35:21] [START] Script started
[00:35:23] [INSTALL] User chose to install all tools
[00:35:23] [OK] pkg list updated
[00:35:35] [SKIPPED] Git: Version control, was already installed (Skipped)
[00:35:35] [SKIPPED] Curl: File downloader 2, was already installed (Skipped)
[00:35:35] [SKIPPED] Wget: File downloader, was already installed (Skipped)
[00:35:36] [SKIPPED] Bat: Better then 'cat', was already installed (Skipped)
[00:35:36] [SKIPPED] Htop: Hardware use Checker, was already installed (Skipped)
[00:35:36] [SKIPPED] Fish: A advanced Shell, was already installed (Skipped)
[00:35:37] [SKIPPED] OpenSSH: Server deployment, was already installed (Skipped)
[00:35:37] [SKIPPED] Python3: Coding language, was already installed (Skipped)
[00:35:37] [SKIPPED] Nmap: Network scanner, was already installed (Skipped)
[00:35:38] [SKIPPED] Libcaca: Cool fire, was already installed (Skipped)
[00:35:38] [SKIPPED] Speedtest-Go: Net-speed tester, was already installed (Skipped)
[00:35:38] [SKIPPED] CPUfetch: Cpu-info, was already installed (Skipped)
[00:35:39] [SKIPPED] Neofetch: System-info, was already installed (Skipped)
[00:35:39] [SKIPPED] Ranger: A Filamanager, was already installed (Skipped)
[00:35:39] [SKIPPED] Nano: Text editor, was already installed (Skipped)
[00:35:40] [SKIPPED] Sl: Steam Locomotive, was already installed (Skipped)
[00:35:40] [SKIPPED] Ncdu: du Checker, was already installed (Skipped)
[00:35:40] [SKIPPED] Neovim: Best code editor, was already installed (Skipped)
[00:35:41] [SKIPPED] Node.Js: JS Runtime env, was already installed (Skipped)
[00:35:44] [SKIPPED] Cbonsai: Japanise tree, was already installed (Skipped)
[00:35:44] [SKIPPED] Asciinema: Terminal-recoder, was already installed (Skipped)
[00:35:45] [SKIPPED] Croc: File-sender, was already installed (Skipped)
[00:35:45] [SKIPPED] Fzf: File-finder, was already installed (Skipped)
[00:35:45] [SKIPPED] Zoxide: Smarter cd, was already installed (Skipped)
[00:35:46] [SKIPPED] Zsh: Most awesome shell, was already installed (Skipped)
[00:35:54] [SKIPPED] Duf: File/dir size Checker, was already installed (Skipped)
[00:35:55] [SKIPPED] tty-clock: A big clock, was already installed (Skipped)
[00:35:55] [SKIPPED] Pipes.sh: Line-Snake, was already installed (Skipped)
[00:35:55] [SKIPPED] Yazi: Filamanager, was already installed (Skipped)
[00:35:56] [SKIPPED] Lsd: 'ls' alternative, was already installed (Skipped)
[00:35:56] [SKIPPED] Broot: Filenavigator, was already installed (Skipped)
[00:35:56] [SKIPPED] Dust: Better version of du, was already installed (Skipped)
[00:35:57] [SKIPPED] Procs: Morden 'ps', was already installed (Skipped)
[00:35:57] [SKIPPED] Tldr: Man pages, was already installed (Skipped)
[00:35:57] [SKIPPED] Gh: Guthub-Cli was already installed (Skipped)
[00:35:58] [SKIPPED] Holehe, was already installed (Skipped)
[00:36:01] [SKIPPED] Asciiqurium, was already installed (Skipped)
[00:36:02] [EXIT] Exited script
[00:38:13] [START] Script started
[00:38:15] [INSTALL] User chose to install all tools
[00:38:15] [OK] pkg list updated
[00:38:24] [SKIPPED] Git: Version control, was already installed (Skipped)
[00:38:24] [SKIPPED] Curl: File downloader 2, was already installed (Skipped)
[00:38:24] [SKIPPED] Wget: File downloader, was already installed (Skipped)
[00:38:25] [SKIPPED] Bat: Better then 'cat', was already installed (Skipped)
[00:38:25] [SKIPPED] Htop: Hardware use Checker, was already installed (Skipped)
[00:38:25] [SKIPPED] Fish: A advanced Shell, was already installed (Skipped)
[00:38:26] [SKIPPED] OpenSSH: Server deployment, was already installed (Skipped)
[00:38:26] [SKIPPED] Python3: Coding language, was already installed (Skipped)
[00:38:26] [SKIPPED] Nmap: Network scanner, was already installed (Skipped)
[00:38:27] [SKIPPED] Libcaca: Cool fire, was already installed (Skipped)
[00:38:27] [SKIPPED] Speedtest-Go: Net-speed tester, was already installed (Skipped)
[00:38:27] [SKIPPED] CPUfetch: Cpu-info, was already installed (Skipped)
[00:38:28] [SKIPPED] Neofetch: System-info, was already installed (Skipped)
[00:38:28] [SKIPPED] Ranger: A Filamanager, was already installed (Skipped)
[00:38:28] [SKIPPED] Nano: Text editor, was already installed (Skipped)
[00:38:29] [SKIPPED] Sl: Steam Locomotive, was already installed (Skipped)
[00:38:29] [SKIPPED] Ncdu: du Checker, was already installed (Skipped)
[00:38:29] [SKIPPED] Neovim: Best code editor, was already installed (Skipped)
[00:38:30] [SKIPPED] Node.Js: JS Runtime env, was already installed (Skipped)
[00:38:33] [SKIPPED] Cbonsai: Japanise tree, was already installed (Skipped)
[00:38:33] [SKIPPED] Asciinema: Terminal-recoder, was already installed (Skipped)
[00:38:34] [SKIPPED] Croc: File-sender, was already installed (Skipped)
[00:38:34] [SKIPPED] Fzf: File-finder, was already installed (Skipped)
[00:38:34] [SKIPPED] Zoxide: Smarter cd, was already installed (Skipped)
[00:38:35] [SKIPPED] Zsh: Most awesome shell, was already installed (Skipped)
[00:38:43] [SKIPPED] Duf: File/dir size Checker, was already installed (Skipped)
[00:38:44] [SKIPPED] tty-clock: A big clock, was already installed (Skipped)
[00:38:44] [SKIPPED] Pipes.sh: Line-Snake, was already installed (Skipped)
[00:38:44] [SKIPPED] Yazi: Filamanager, was already installed (Skipped)
[00:38:45] [SKIPPED] Lsd: 'ls' alternative, was already installed (Skipped)
[00:38:45] [SKIPPED] Broot: Filenavigator, was already installed (Skipped)
[00:38:45] [SKIPPED] Dust: Better version of du, was already installed (Skipped)
[00:38:46] [SKIPPED] Procs: Morden 'ps', was already installed (Skipped)
[00:38:46] [SKIPPED] Tldr: Man pages, was already installed (Skipped)
[00:38:46] [SKIPPED] Gh: Guthub-Cli was already installed (Skipped)
[00:38:47] [SKIPPED] Holehe, was already installed (Skipped)
[00:38:50] [SKIPPED] Asciiqurium, was already installed (Skipped)
[00:38:53] [SKIPPED] Wttr.io, was already installed (Skipped)
[00:38:56] [SKIPPED] Tmux: A multitasker, was already installed (Skipped)
[00:38:57] [SKIPPED] Lazygit: A git TUI, was already installed (Skipped)
[00:38:57] [OK] Post-Installation-Summary shown
[00:40:09] [EXIT] Exited script
[00:40:10] [START] Script started
[00:40:12] [INSTALL] User chose to install all tools
[00:40:13] [OK] pkg list updated
[00:40:20] [SKIPPED] Git: Version control, was already installed (Skipped)
[00:40:20] [SKIPPED] Curl: File downloader 2, was already installed (Skipped)
[00:40:20] [SKIPPED] Wget: File downloader, was already installed (Skipped)
[00:40:21] [SKIPPED] Bat: Better then 'cat', was already installed (Skipped)
[00:40:21] [SKIPPED] Htop: Hardware use Checker, was already installed (Skipped)
[00:40:21] [SKIPPED] Fish: A advanced Shell, was already installed (Skipped)
[00:40:22] [SKIPPED] OpenSSH: Server deployment, was already installed (Skipped)
[00:40:22] [SKIPPED] Python3: Coding language, was already installed (Skipped)
[00:40:22] [SKIPPED] Nmap: Network scanner, was already installed (Skipped)
[00:40:23] [SKIPPED] Libcaca: Cool fire, was already installed (Skipped)
[00:40:23] [SKIPPED] Speedtest-Go: Net-speed tester, was already installed (Skipped)
[00:40:23] [SKIPPED] CPUfetch: Cpu-info, was already installed (Skipped)
[00:40:24] [SKIPPED] Neofetch: System-info, was already installed (Skipped)
[00:40:24] [SKIPPED] Ranger: A Filamanager, was already installed (Skipped)
[00:40:24] [SKIPPED] Nano: Text editor, was already installed (Skipped)
[00:40:25] [SKIPPED] Sl: Steam Locomotive, was already installed (Skipped)
[00:40:25] [SKIPPED] Ncdu: du Checker, was already installed (Skipped)
[00:40:25] [SKIPPED] Neovim: Best code editor, was already installed (Skipped)
[00:40:26] [SKIPPED] Node.Js: JS Runtime env, was already installed (Skipped)
[00:40:29] [SKIPPED] Cbonsai: Japanise tree, was already installed (Skipped)
[00:40:29] [SKIPPED] Asciinema: Terminal-recoder, was already installed (Skipped)
[00:40:30] [SKIPPED] Croc: File-sender, was already installed (Skipped)
[00:40:30] [SKIPPED] Fzf: File-finder, was already installed (Skipped)
[00:40:30] [SKIPPED] Zoxide: Smarter cd, was already installed (Skipped)
[00:40:31] [SKIPPED] Zsh: Most awesome shell, was already installed (Skipped)
[00:40:39] [SKIPPED] Duf: File/dir size Checker, was already installed (Skipped)
[00:40:40] [SKIPPED] tty-clock: A big clock, was already installed (Skipped)
[00:40:40] [SKIPPED] Pipes.sh: Line-Snake, was already installed (Skipped)
[00:40:40] [SKIPPED] Yazi: Filamanager, was already installed (Skipped)
[00:40:41] [SKIPPED] Lsd: 'ls' alternative, was already installed (Skipped)
[00:40:41] [SKIPPED] Broot: Filenavigator, was already installed (Skipped)
[00:40:41] [SKIPPED] Dust: Better version of du, was already installed (Skipped)
[00:40:42] [SKIPPED] Procs: Morden 'ps', was already installed (Skipped)
[00:40:42] [SKIPPED] Tldr: Man pages, was already installed (Skipped)
[00:40:42] [SKIPPED] Gh: Guthub-Cli was already installed (Skipped)
[00:40:43] [SKIPPED] Holehe, was already installed (Skipped)
[00:40:46] [SKIPPED] Asciiqurium, was already installed (Skipped)
[00:40:49] [SKIPPED] Wttr.io, was already installed (Skipped)
[00:40:52] [SKIPPED] Tmux: A multitasker, was already installed (Skipped)
[00:40:53] [SKIPPED] Lazygit: A git TUI, was already installed (Skipped)
[00:40:53] [OK] Post-Installation-Summary shown
[00:40:56] [EXIT] Exited script
[00:44:26] [START] Script started
[00:44:28] [INSTALL] User chose to install all tools
[00:44:28] [OK] pkg list updated
[00:44:41] [SKIPPED] Git: Version control, was already installed (Skipped)
[00:44:41] [SKIPPED] Curl: File downloader 2, was already installed (Skipped)
[00:44:42] [SKIPPED] Wget: File downloader, was already installed (Skipped)
[00:44:42] [SKIPPED] Bat: Better then 'cat', was already installed (Skipped)
[00:44:42] [SKIPPED] Htop: Hardware use Checker, was already installed (Skipped)
[00:44:43] [SKIPPED] Fish: A advanced Shell, was already installed (Skipped)
[00:44:43] [SKIPPED] OpenSSH: Server deployment, was already installed (Skipped)
[00:44:43] [SKIPPED] Python3: Coding language, was already installed (Skipped)
[00:44:44] [SKIPPED] Nmap: Network scanner, was already installed (Skipped)
[00:44:44] [SKIPPED] Libcaca: Cool fire, was already installed (Skipped)
[00:44:44] [SKIPPED] Speedtest-Go: Net-speed tester, was already installed (Skipped)
[00:44:45] [SKIPPED] CPUfetch: Cpu-info, was already installed (Skipped)
[00:44:45] [SKIPPED] Neofetch: System-info, was already installed (Skipped)
[00:44:45] [SKIPPED] Ranger: A Filamanager, was already installed (Skipped)
[00:44:46] [SKIPPED] Nano: Text editor, was already installed (Skipped)
[00:44:46] [SKIPPED] Sl: Steam Locomotive, was already installed (Skipped)
[00:44:46] [SKIPPED] Ncdu: du Checker, was already installed (Skipped)
[00:44:46] [SKIPPED] Neovim: Best code editor, was already installed (Skipped)
[00:44:47] [SKIPPED] Node.Js: JS Runtime env, was already installed (Skipped)
[00:44:50] [SKIPPED] Cbonsai: Japanise tree, was already installed (Skipped)
[00:44:51] [SKIPPED] Asciinema: Terminal-recoder, was already installed (Skipped)
[00:44:51] [SKIPPED] Croc: File-sender, was already installed (Skipped)
[00:44:51] [SKIPPED] Fzf: File-finder, was already installed (Skipped)
[00:44:52] [SKIPPED] Zoxide: Smarter cd, was already installed (Skipped)
[00:44:52] [SKIPPED] Zsh: Most awesome shell, was already installed (Skipped)
[00:45:00] [SKIPPED] Duf: File/dir size Checker, was already installed (Skipped)
[00:45:01] [SKIPPED] tty-clock: A big clock, was already installed (Skipped)
[00:45:01] [SKIPPED] Pipes.sh: Line-Snake, was already installed (Skipped)
[00:45:01] [SKIPPED] Yazi: Filamanager, was already installed (Skipped)
[00:45:02] [SKIPPED] Lsd: 'ls' alternative, was already installed (Skipped)
[00:45:02] [SKIPPED] Broot: Filenavigator, was already installed (Skipped)
[00:45:02] [SKIPPED] Dust: Better version of du, was already installed (Skipped)
[00:45:03] [SKIPPED] Procs: Morden 'ps', was already installed (Skipped)
[00:45:03] [SKIPPED] Tldr: Man pages, was already installed (Skipped)
[00:45:03] [SKIPPED] Gh: Guthub-Cli was already installed (Skipped)
[00:45:04] [SKIPPED] Holehe, was already installed (Skipped)
[00:45:07] [SKIPPED] Asciiqurium, was already installed (Skipped)
[00:45:10] [SKIPPED] Wttr.io, was already installed (Skipped)
[00:45:13] [SKIPPED] Tmux: A multitasker, was already installed (Skipped)
[00:45:14] [SKIPPED] Lazygit: A git TUI, was already installed (Skipped)
[00:45:14] [OK] Post-Installation-Summary shown
[00:45:19] [EXIT] Exited script
[00:47:40] [START] Script started
[00:47:43] [INSTALL] User chose to install all tools
[00:47:43] [OK] pkg list updated
[00:47:52] [SKIPPED] Git: Version control, was already installed (Skipped)
[00:47:53] [SKIPPED] Curl: File downloader 2, was already installed (Skipped)
[00:47:53] [SKIPPED] Wget: File downloader, was already installed (Skipped)
[00:47:53] [SKIPPED] Bat: Better then 'cat', was already installed (Skipped)
[00:47:54] [SKIPPED] Htop: Hardware use Checker, was already installed (Skipped)
[00:47:54] [SKIPPED] Fish: A advanced Shell, was already installed (Skipped)
[00:47:54] [EXIT] Exited script
[14:51:48] [START] Script started
[14:53:03] [INSTALLED] Croc: File-sender installed successfully
[14:53:28] [INSTALLED] Croc: File-sender installed successfully
[14:53:31] [EXIT] Exited script
[14:53:55] [START] Script started
[14:54:37] [INSTALLED] Croc: File-sender installed successfully
[14:55:04] [INSTALLED] Croc: File-sender installed successfully
[14:55:09] [SKIPPED] Wttr was already installed (Skipped)
[14:55:27] [EXIT] Exited script
[14:57:39] [START] Script started
[14:58:27] [EXIT] Exited script
[15:03:52] [START] Script started
[15:04:35] [INSTALLED] Croc: File-sender installed successfully
[15:04:42] [INSTALLED] Wttr successfully installed
[15:14:08] [EXIT] Exited script
[15:14:17] [START] Script started
[15:14:52] [INSTALLED] Croc: File-sender installed successfully
[15:14:59] [INSTALLED] Wttr successfully installed
[15:15:54] [EXIT] Exited script
[15:15:55] [START] Script started
[15:16:03] [INSTALLED] Croc: File-sender installed successfully
[15:17:30] [EXIT] Exited script
[15:17:32] [START] Script started
[15:17:40] [INSTALLED] Croc: File-sender installed successfully
[15:18:00] [INSTALLED] Croc: File-sender installed successfully
[15:18:16] [EXIT] Exited script
[15:20:13] [START] Script started
[15:20:23] [INSTALLED] Croc: File-sender installed successfully
[15:24:43] [EXIT] Exited script
[15:24:44] [START] Script started
[15:24:52] [INSTALLED] Croc: File-sender installed successfully
[15:27:00] [INSTALLED] Croc: File-sender installed successfully
[15:27:04] [EXIT] Exited script
[15:27:05] [START] Script started
[15:27:26] [EXIT] Exited script
[15:30:34] [START] Script started
[15:30:44] [INSTALLED] Croc: File-sender installed successfully
[15:31:11] [EXIT] Exited script
[15:33:02] [START] Script started
[15:33:05] [SKIPPED] Croc: File-sender was already installed (Skipped)
[15:33:33] [EXIT] Exited script
[15:35:46] [START] Script started
[15:36:45] [EXIT] Exited script
[15:36:46] [START] Script started
[15:36:56] [EXIT] Exited script
[15:39:28] [START] Script started
[15:39:39] [EXIT] Exited script
[15:40:27] [START] Script started
[15:40:40] [EXIT] Exited script
[15:43:32] [START] Script started
[15:43:34] [SKIPPED] Croc: File-sender was already installed (Skipped)
[15:44:13] [EXIT] Exited script
[15:44:15] [START] Script started
[15:44:22] [INSTALLED] Croc: File-sender installed successfully
[15:45:16] [EXIT] Exited script
[16:06:41] [START] Script started
[16:06:59] [EXIT] Exited script
[16:07:01] [START] Script started
[16:07:10] [INSTALLED] Croc: File-sender installed successfully
[16:08:30] [EXIT] Exited script
[16:19:58] [START] Script started
[16:20:09] [INSTALLED] Croc: File-sender installed successfully
[16:20:39] [EXIT] Exited script
[16:21:39] [START] Script started
[16:21:47] [INSTALLED] Croc: File-sender installed successfully
[16:22:37] [EXIT] Exited script
[16:23:13] [START] Script started
[16:23:15] [INSTALL] User chose to install all tools
[16:23:15] [OK] pkg list updated
[16:23:27] [SKIPPED] Git: Version control, was already installed (Skipped)
[16:23:27] [SKIPPED] Curl: File downloader 2, was already installed (Skipped)
[16:23:28] [SKIPPED] Wget: File downloader, was already installed (Skipped)
[16:23:28] [SKIPPED] Bat: Better then 'cat', was already installed (Skipped)
[16:23:28] [SKIPPED] Htop: Hardware use Checker, was already installed (Skipped)
[16:23:29] [SKIPPED] Fish: A advanced Shell, was already installed (Skipped)
[16:23:29] [SKIPPED] OpenSSH: Server deployment, was already installed (Skipped)
[16:23:29] [SKIPPED] Python3: Coding language, was already installed (Skipped)
[16:23:30] [SKIPPED] Nmap: Network scanner, was already installed (Skipped)
[16:23:30] [SKIPPED] Libcaca: Cool fire, was already installed (Skipped)
[16:23:30] [SKIPPED] Speedtest-Go: Net-speed tester, was already installed (Skipped)
[16:23:31] [SKIPPED] CPUfetch: Cpu-info, was already installed (Skipped)
[16:23:31] [SKIPPED] Neofetch: System-info, was already installed (Skipped)
[16:23:31] [SKIPPED] Ranger: A Filamanager, was already installed (Skipped)
[16:23:32] [SKIPPED] Nano: Text editor, was already installed (Skipped)
[16:23:32] [SKIPPED] Sl: Steam Locomotive, was already installed (Skipped)
[16:23:32] [SKIPPED] Ncdu: du Checker, was already installed (Skipped)
[16:23:33] [SKIPPED] Neovim: Best code editor, was already installed (Skipped)
[16:23:33] [SKIPPED] Node.Js: JS Runtime env, was already installed (Skipped)
[16:23:36] [SKIPPED] Cbonsai: Japanise tree, was already installed (Skipped)
[16:23:37] [SKIPPED] Asciinema: Terminal-recoder, was already installed (Skipped)
[16:23:37] [SKIPPED] Croc: File-sender, was already installed (Skipped)
[16:23:37] [SKIPPED] Fzf: File-finder, was already installed (Skipped)
[16:23:38] [SKIPPED] Zoxide: Smarter cd, was already installed (Skipped)
[16:23:38] [SKIPPED] Zsh: Most awesome shell, was already installed (Skipped)
[16:23:47] [SKIPPED] Duf: File/dir size Checker, was already installed (Skipped)
[16:23:47] [SKIPPED] tty-clock: A big clock, was already installed (Skipped)
[16:23:47] [SKIPPED] Pipes.sh: Line-Snake, was already installed (Skipped)
[16:23:48] [SKIPPED] Yazi: Filamanager, was already installed (Skipped)
[16:23:48] [SKIPPED] Lsd: 'ls' alternative, was already installed (Skipped)
[16:23:48] [SKIPPED] Broot: Filenavigator, was already installed (Skipped)
[16:23:49] [SKIPPED] Dust: Better version of du, was already installed (Skipped)
[16:23:49] [SKIPPED] Procs: Morden 'ps', was already installed (Skipped)
[16:23:49] [SKIPPED] Tldr: Man pages, was already installed (Skipped)
[16:23:50] [SKIPPED] Gh: Guthub-Cli was already installed (Skipped)
[16:23:50] [SKIPPED] Holehe, was already installed (Skipped)
[16:23:53] [SKIPPED] Asciiqurium, was already installed (Skipped)
[16:23:56] [SKIPPED] Wttr.io, was already installed (Skipped)
[16:24:00] [SKIPPED] Tmux: A multitasker, was already installed (Skipped)
[16:24:00] [SKIPPED] Lazygit: A git TUI, was already installed (Skipped)
[16:24:00] [OK] Post-Installation-Summary shown
[16:24:10] [EXIT] Exited script
[16:26:14] [START] Script started
[16:26:15] [INSTALL] User chose to install all tools
[16:26:16] [OK] pkg list updated
[16:26:23] [SKIPPED] Git: Version control, was already installed (Skipped)
[16:26:24] [SKIPPED] Curl: File downloader 2, was already installed (Skipped)
[16:26:24] [SKIPPED] Wget: File downloader, was already installed (Skipped)
[16:26:24] [SKIPPED] Bat: Better then 'cat', was already installed (Skipped)
[16:26:25] [SKIPPED] Htop: Hardware use Checker, was already installed (Skipped)
[16:26:25] [SKIPPED] Fish: A advanced Shell, was already installed (Skipped)
[16:26:25] [SKIPPED] OpenSSH: Server deployment, was already installed (Skipped)
[16:26:25] [SKIPPED] Python3: Coding language, was already installed (Skipped)
[16:26:26] [EXIT] Exited script
[16:26:27] [START] Script started
[16:26:29] [INSTALL] User chose to install all tools
[16:26:29] [OK] pkg list updated
[16:26:34] [OK] pkg/system upgraded
[16:26:35] [SKIPPED] Git: Version control, was already installed (Skipped)
[16:26:35] [SKIPPED] Curl: File downloader 2, was already installed (Skipped)
[16:26:35] [SKIPPED] Wget: File downloader, was already installed (Skipped)
[16:26:36] [SKIPPED] Bat: Better then 'cat', was already installed (Skipped)
[16:26:36] [SKIPPED] Htop: Hardware use Checker, was already installed (Skipped)
[16:26:36] [SKIPPED] Fish: A advanced Shell, was already installed (Skipped)
[16:26:36] [SKIPPED] OpenSSH: Server deployment, was already installed (Skipped)
[16:26:37] [SKIPPED] Python3: Coding language, was already installed (Skipped)
[16:26:37] [SKIPPED] Nmap: Network scanner, was already installed (Skipped)
[16:26:37] [SKIPPED] Libcaca: Cool fire, was already installed (Skipped)
[16:26:38] [SKIPPED] Speedtest-Go: Net-speed tester, was already installed (Skipped)
[16:26:38] [SKIPPED] CPUfetch: Cpu-info, was already installed (Skipped)
[16:26:38] [SKIPPED] Neofetch: System-info, was already installed (Skipped)
[16:26:38] [SKIPPED] Ranger: A Filamanager, was already installed (Skipped)
[16:26:39] [SKIPPED] Nano: Text editor, was already installed (Skipped)
[16:26:39] [EXIT] Exited script
[21:07:57] [START] Script started
[21:10:43] [EXIT] Exited script
[21:10:46] [START] Script started
[21:12:08] [EXIT] Exited script
[21:12:09] [START] Script started
[21:12:45] [EXIT] Exited script
[21:12:46] [START] Script started
[21:13:39] [EXIT] Exited script
[21:13:41] [START] Script started
[21:13:46] [EXIT] Exited script
[21:20:40] [START] Script started
[21:22:06] [EXIT] Exited script
[21:23:45] [START] Script started
[21:24:22] [EXIT] Exited script
[21:25:33] [START] Script started
[21:26:08] [EXIT] Exited script
[21:36:14] [START] Script started
[21:37:20] [EXIT] Exited script
[21:37:22] [START] Script started
[21:39:02] [EXIT] Exited script
[21:39:05] [START] Script started
[21:39:57] [INSTALLED] Croc: File-sender installed successfully
[21:43:22] [INSTALLED] Croc: File-sender installed successfully
[21:43:30] [INSTALLED] Wttr successfully installed
[21:46:59] [EXIT] Exited script
[21:50:05] [START] Script started
[21:50:16] [ERR] No internet connection
[21:51:12] [START] Script started
[21:51:26] [EXIT] Exited script
[21:51:40] [START] Script started
[21:51:46] [SKIPPED] Croc: File-sender was already installed (Skipped)
[21:51:56] [INSTALLED] Wttr successfully installed
[21:52:18] [EXIT] Exited script
[21:54:52] [START] Script started
[21:55:01] [EXIT] Exited script
[22:28:20] [START] Script started
[22:28:27] [SKIPPED] Croc: File-sender was already installed (Skipped)
[22:29:15] [INSTALLED] Croc: File-sender installed successfully
[22:29:23] [INSTALLED] Wttr successfully installed
[22:30:03] [INSTALLED] Croc: File-sender installed successfully
[22:30:06] [INSTALL] User chose to install all tools
[22:30:06] [OK] pkg list updated
[22:30:18] [SKIPPED] Git: Version control, was already installed (Skipped)
[22:30:18] [SKIPPED] Curl: File downloader 2, was already installed (Skipped)
[22:30:18] [SKIPPED] Wget: File downloader, was already installed (Skipped)
[22:30:19] [SKIPPED] Bat: Better then 'cat', was already installed (Skipped)
[22:30:19] [SKIPPED] Htop: Hardware use Checker, was already installed (Skipped)
[22:30:19] [SKIPPED] Fish: A advanced Shell, was already installed (Skipped)
[22:30:19] [SKIPPED] OpenSSH: Server deployment, was already installed (Skipped)
[22:30:20] [SKIPPED] Python3: Coding language, was already installed (Skipped)
[22:30:20] [SKIPPED] Nmap: Network scanner, was already installed (Skipped)
[22:30:20] [SKIPPED] Libcaca: Cool fire, was already installed (Skipped)
[22:30:21] [SKIPPED] Speedtest-Go: Net-speed test, was already installed (Skipped)
[22:30:21] [SKIPPED] CPUfetch: Cpu-info, was already installed (Skipped)
[22:30:21] [SKIPPED] Neofetch: System-info, was already installed (Skipped)
[22:30:22] [SKIPPED] Ranger: A Filamanager, was already installed (Skipped)
[22:30:22] [SKIPPED] Nano: Text editor, was already installed (Skipped)
[22:30:22] [SKIPPED] Sl: Steam Locomotive, was already installed (Skipped)
[22:30:23] [SKIPPED] Ncdu: du Checker, was already installed (Skipped)
[22:30:23] [SKIPPED] Neovim: Best code editor, was already installed (Skipped)
[22:30:23] [SKIPPED] Node.Js: JS Runtime env, was already installed (Skipped)
[22:30:27] [SKIPPED] Cbonsai: Japanise tree, was already installed (Skipped)
[22:30:27] [SKIPPED] Asciinema: Terminal-recoder, was already installed (Skipped)
[22:30:27] [SKIPPED] Croc: File-sender, was already installed (Skipped)
[22:30:28] [SKIPPED] Fzf: File-finder, was already installed (Skipped)
[22:30:28] [SKIPPED] Zoxide: Smarter cd, was already installed (Skipped)
[22:30:28] [SKIPPED] Zsh: Most awesome shell, was already installed (Skipped)
[22:30:37] [SKIPPED] Duf: File/dir size Checker, was already installed (Skipped)
[22:30:37] [SKIPPED] tty-clock: A big clock, was already installed (Skipped)
[22:30:37] [SKIPPED] Pipes.sh: Line-Snake, was already installed (Skipped)
[22:30:38] [SKIPPED] Yazi: Filamanager, was already installed (Skipped)
[22:30:38] [SKIPPED] Lsd: 'ls' alternative, was already installed (Skipped)
[22:30:38] [SKIPPED] Broot: Filenavigator, was already installed (Skipped)
[22:30:39] [SKIPPED] Dust: Better version of du, was already installed (Skipped)
[22:30:39] [SKIPPED] Procs: Morden 'ps', was already installed (Skipped)
[22:30:39] [SKIPPED] Tldr: Man pages, was already installed (Skipped)
[22:30:40] [SKIPPED] Gh: Guthub-Cli was already installed (Skipped)
[22:30:40] [SKIPPED] Holehe, was already installed (Skipped)
[22:30:43] [SKIPPED] Asciiqurium, was already installed (Skipped)
[22:30:46] [SKIPPED] Wttr.io, was already installed (Skipped)
[22:30:50] [SKIPPED] Tmux: A multitasker, was already installed (Skipped)
[22:30:50] [SKIPPED] Lazygit: A git TUI, was already installed (Skipped)
[22:30:50] [OK] Post-Installation-Summary shown
[22:31:06] [EXIT] Exited script
