[23:59:29] [START] Script started
[23:59:29] [ERROR] No internet connection
[23:59:31] [ENTER] User still continued
[23:59:53] [EXIT] Exited script
[00:01:15] [START] Script started
[00:01:15] [ERROR] No internet connection
[00:01:17] [ENTER] User still continued
[00:01:40] [EXIT] Exited script
[00:03:12] [START] Script started
[00:03:12] [ERROR] No internet connection
[00:03:13] [ENTER] User still continued
[00:03:19] [EXIT] Exited script
[10:18:22] [START] Script started
[10:19:00] [EXIT] Exited script
[11:40:55] [START] Script started
[11:40:55] [ERROR] No internet connection
[11:40:57] [ENTER] User still continued
[11:41:14] [EXIT] Exited script
[11:42:02] [START] Script started
[11:42:02] [ERROR] No internet connection
[11:42:03] [ENTER] User still continued
[11:42:33] [EXIT] Exited script
[12:11:12] [START] Script started
[12:11:12] [ERROR] No internet connection
[12:11:14] [ENTER] User still continued
[12:11:19] [EXIT] Exited script
[12:16:31] [START] Script started
[12:16:31] [ERROR] No internet connection
[12:16:33] [ENTER] User still continued
[12:16:49] [EXIT] Exited script
[12:17:30] [START] Script started
[12:17:30] [ERROR] No internet connection
[12:17:30] [ENTER] User still continued
[12:17:39] [EXIT] Exited script
[12:25:40] [START] Script started
[12:25:40] [ERROR] No internet connection
[12:25:42] [ENTER] User still continued
[12:25:59] [EXIT] Exited script
[12:30:02] [START] Script started
[12:30:02] [ERROR] No internet connection
[12:30:03] [ENTER] User still continued
[12:30:45] [EXIT] Exited script
[12:31:59] [START] Script started
[12:31:59] [ERROR] No internet connection
[12:32:00] [ENTER] User still continued
[12:32:07] [EXIT] Exited script
[12:45:57] [START] Script started
[12:45:57] [ERR] No internet connection
[12:46:04] [ENTER] User still continued
[12:46:32] [EXIT] Exited script
[12:50:06] [START] Script started
[12:50:06] [ERR] No internet connection
[12:50:10] [ENTER] User still continued
[12:50:23] [EXIT] Exited script
[12:52:14] [START] Script started
[12:52:14] [ERROR] No internet connection
[12:52:16] [ENTER] User still continued
[12:52:30] [ERROR] No internet connection
[12:52:42] [START] Script started
[12:52:42] [ERROR] No internet connection
[12:52:43] [ENTER] User still continued
[12:52:59] [EXIT] Exited script
[12:54:20] [START] Script started
[12:54:20] [ERROR] No internet connection
[12:54:21] [ENTER] User still continued
[12:54:56] [EXIT] Exited script
[12:56:50] [START] Script started
[12:56:50] [ERROR] No internet connection
[12:56:51] [ENTER] User still continued
[12:57:03] [EXIT] Exited script
[12:59:40] [START] Script started
[12:59:40] [ERROR] No internet connection
[12:59:42] [ENTER] User still continued
[13:00:04] [ENTER] User entered sub-menu 'install-sresets'
[13:00:15] [LEFT] User exited sub-menu 'install-sresets'
[13:00:20] [ERROR] No internet connection
[13:03:05] [START] Script started
[13:03:05] [ERROR] No internet connection
[13:03:06] [ENTER] User still continued
[13:03:27] [EXIT] Exited script
<<<<<<< HEAD
[20:19:12] [START] Script started
[20:19:18] [EXIT] Exited script
[20:21:34] [START] Script started
[20:21:36] [EXIT] Exited script
[20:33:27] [START] Script started
[20:33:49] [EXIT] Exited script
[20:35:29] [START] Script started
[20:35:39] [ERROR] No internet connection
[20:35:42] [ENTER] User still continued
[20:36:11] [EXIT] Exited script
[20:48:27] [START] Script started
[20:48:41] [SKIPPED] Holehe was already installed (Skipped)
[20:48:47] [EXIT] Exited script
[20:49:46] [START] Script started
[20:49:50] [OK] pkg list updated
[20:50:18] [OK] pkg/system upgraded
[20:50:18] [INSTALL] User chose to install all tools
[20:50:19] [SKIPPED] Git: Version control, was already installed (Skipped)
[20:50:20] [SKIPPED] Curl: File downloader 2, was already installed (Skipped)
[20:50:21] [SKIPPED] Wget: File downloader, was already installed (Skipped)
[20:50:22] [SKIPPED] Bat: Better then 'cat', was already installed (Skipped)
[20:50:34] [FAIL] Htop: Hardware use Checker, not installed (no internet)
=======
[16:14:48] [START] Script started
[16:15:23] [START] Script started
[16:15:31] [SKIPPED] Git: Version control, was already installed (Skipped)
[16:15:33] [SKIPPED] Curl: HTTP request was already installed (Skipped)
[16:15:34] [SKIPPED] Wget: Command-line downloader was already installed (Skipped)
[16:16:04] [EXIT] Exited script
[16:18:42] [START] Script started
[16:18:55] [EXIT] Exited script
[16:19:08] [START] Script started
[16:21:33] [START] Script started
[16:21:44] [SKIPPED] Git: Version control, was already installed (Skipped)
[16:21:45] [SKIPPED] Curl: HTTP request was already installed (Skipped)
[16:21:46] [SKIPPED] Wget: Command-line downloader was already installed (Skipped)
[16:21:47] [SKIPPED] Bat: A better cat was already installed (Skipped)
[16:21:55] [SKIPPED] Git: Version control, was already installed (Skipped)
[16:21:56] [SKIPPED] Zoxide: A better 'cd' was already installed (Skipped)
[16:21:57] [SKIPPED] Gh: Guthub-Cli was already installed (Skipped)
[16:22:39] [EXIT] Exited script
[16:23:17] [START] Script started
[16:23:34] [EXIT] Exited script
[16:24:17] [START] Script started
[16:24:29] [EXIT] Exited script
[16:25:04] [START] Script started
[16:25:07] [EXIT] Exited script
[16:25:54] [START] Script started
[16:26:12] [SKIPPED] Git: Version control, was already installed (Skipped)
[16:26:14] [SKIPPED] Curl: HTTP request was already installed (Skipped)
[16:26:15] [SKIPPED] Bat: A better cat was already installed (Skipped)
[16:26:16] [SKIPPED] Fish: A advanced Shell was already installed (Skipped)
[16:26:17] [SKIPPED] Python3: Coding language was already installed (Skipped)
[16:26:19] [SKIPPED] Libcaca: Cool fire was already installed (Skipped)
[16:26:20] [SKIPPED] Node.Js: JavaScript Runtime environment, was already installed (Skipped)
[16:26:44] [EXIT] Exited script
[16:28:25] [START] Script started
[16:28:36] [EXIT] Exited script
[16:30:08] [START] Script started
[16:30:40] [EXIT] Exited script
[16:32:29] [START] Script started
[16:33:02] [EXIT] Exited script
>>>>>>> testlab
[16:42:00] [START] Script started
[16:43:01] [START] Script started
[16:43:11] [SKIPPED] Git: Version control, was already installed (Skipped)
[16:43:12] [SKIPPED] Curl: HTTP request was already installed (Skipped)
[16:43:14] [SKIPPED] Bat: A better cat was already installed (Skipped)
[16:43:15] [SKIPPED] Libcaca: Cool fire was already installed (Skipped)
[16:43:16] [SKIPPED] Ncdu: du Checker was already installed (Skipped)
[16:43:20] [EXIT] Exited script
[10:02:40] [START] Script started
[10:02:53] [SKIPPED] Tmux: A multitasker was already installed (Skipped)
[10:02:58] [EXIT] Exited script
[10:03:35] [START] Script started
[10:04:17] [SKIPPED] Git: Version control, was already installed (Skipped)
[10:04:18] [SKIPPED] Tmux: A multitasker was already installed (Skipped)
[10:04:21] [EXIT] Exited script
[14:30:47] [START] Script started
[14:31:03] [EXIT] Exited script
[14:33:54] [START] Script started
[14:34:15] [EXIT] Exited script
[14:35:25] [START] Script started
[14:35:35] [ERROR] No internet connection
[14:35:37] [ENTER] User still continued
[14:35:47] [EXIT] Exited script
[14:35:50] [START] Script started
[14:36:00] [ERROR] No internet connection
[14:36:02] [ENTER] User still continued
[14:36:11] [EXIT] Exited script
[14:36:31] [START] Script started
[14:36:41] [ERROR] No internet connection
[14:36:46] [ENTER] User still continued
[14:37:40] [EXIT] Exited script
[14:40:30] [START] Script started
[14:40:58] [EXIT] Exited script
[14:42:38] [START] Script started
[14:43:01] [OK] pkg list updated
[14:43:20] [OK] pkg/system upgraded
[14:45:13] [INSTALL] User chose to install all tools
[14:45:13] [SKIPPED] Git: Version control, was already installed (Skipped)
[14:45:15] [SKIPPED] Curl: File downloader 2, was already installed (Skipped)
[14:45:16] [SKIPPED] Wget: File downloader, was already installed (Skipped)
[14:45:17] [SKIPPED] Bat: Better then 'cat', was already installed (Skipped)
[14:45:19] [SKIPPED] Htop: Hardware use Checker, was already installed (Skipped)
[14:45:20] [SKIPPED] Fish: A advanced Shell, was already installed (Skipped)
[14:45:21] [SKIPPED] OpenSSH: Server deployment, was already installed (Skipped)
[14:45:22] [SKIPPED] Python3: Coding language, was already installed (Skipped)
[14:45:24] [SKIPPED] Nmap: Network scanner, was already installed (Skipped)
[14:45:24] [EXIT] Exited script
[14:50:20] [START] Script started
[14:50:24] [INSTALL] User chose to install all tools
[14:50:34] [ERROR] No internet connection
[14:50:45] [START] Script started
[14:50:55] [ERROR] No internet connection
[14:51:00] [ENTER] User still continued
[14:51:02] [INSTALL] User chose to install all tools
[14:51:03] [OK] pkg list updated
[14:51:10] [SKIPPED] Git: Version control, was already installed (Skipped)
[14:51:11] [SKIPPED] Curl: File downloader 2, was already installed (Skipped)
[14:51:12] [SKIPPED] Wget: File downloader, was already installed (Skipped)
[14:51:14] [SKIPPED] Bat: Better then 'cat', was already installed (Skipped)
[14:51:15] [SKIPPED] Htop: Hardware use Checker, was already installed (Skipped)
[14:51:16] [SKIPPED] Fish: A advanced Shell, was already installed (Skipped)
[14:51:17] [SKIPPED] OpenSSH: Server deployment, was already installed (Skipped)
[14:51:19] [SKIPPED] Python3: Coding language, was already installed (Skipped)
[14:51:20] [SKIPPED] Nmap: Network scanner, was already installed (Skipped)
[14:51:21] [SKIPPED] Libcaca: Cool fire, was already installed (Skipped)
[14:51:23] [SKIPPED] Speedtest-Go: WI-FI-speed Checker, was already installed (Skipped)
[14:51:24] [SKIPPED] CPUfetch: Cpu-info, was already installed (Skipped)
[14:51:25] [SKIPPED] Neofetch: System-info, was already installed (Skipped)
[14:51:26] [SKIPPED] Ranger: A Filamanager, was already installed (Skipped)
[14:51:28] [SKIPPED] Nano: Text editor, was already installed (Skipped)
[14:51:29] [SKIPPED] Sl: Steam Locomotive, was already installed (Skipped)
[14:51:30] [SKIPPED] Ncdu: du Checker, was already installed (Skipped)
[14:51:32] [SKIPPED] Neovim: Best code editor, was already installed (Skipped)
[14:51:33] [SKIPPED] Node.Js: JavaScript Runtime environment, was already installed (Skipped)
[14:52:03] [SKIPPED] Cbonsai: Japanise tree, was already installed (Skipped)
[14:52:05] [SKIPPED] Asciinema: Terminal-recoder, was already installed (Skipped)
[14:52:06] [SKIPPED] Croc: File-sender, was already installed (Skipped)
[14:52:07] [SKIPPED] Fzf: File-finder, was already installed (Skipped)
[14:52:09] [SKIPPED] Zoxide: Smarter cd, was already installed (Skipped)
[14:52:10] [SKIPPED] Zsh: Most awesome shell, was already installed (Skipped)
[14:52:51] [SKIPPED] Duf: File/dir size Checker, was already installed (Skipped)
[14:52:52] [SKIPPED] tty-clock: A big clock, was already installed (Skipped)
[14:52:54] [SKIPPED] Pipes.sh: Line-Snake, was already installed (Skipped)
[14:52:55] [SKIPPED] Yazi: Filamanager, was already installed (Skipped)
[14:52:56] [SKIPPED] Lsd: 'ls' alternative, was already installed (Skipped)
[14:52:57] [SKIPPED] Broot: Filenavigator, was already installed (Skipped)
[14:52:59] [SKIPPED] Dust: Better version of du, was already installed (Skipped)
[14:53:00] [SKIPPED] Procs: Morden 'ps', was already installed (Skipped)
[14:53:01] [SKIPPED] Tldr: Man pages, was already installed (Skipped)
[14:53:02] [SKIPPED] Gh: Guthub-Cli was already installed (Skipped)
[14:53:04] [SKIPPED] Holehe, was already installed (Skipped)
[14:53:07] [SKIPPED] Asciiqurium, was already installed (Skipped)
[14:53:10] [SKIPPED] Wttr.io, was already installed (Skipped)
[14:53:14] [SKIPPED] Tmux: A multitasker was already installed (Skipped)
[14:53:15] [OK] Post-Installation-Summary shown
[14:53:52] [EXIT] Exited script
[15:00:25] [START] Script started
[15:00:28] [INSTALL] User chose to install all tools
[15:00:29] [OK] pkg list updated
[15:00:42] [SKIPPED] Git: Version control, was already installed (Skipped)
[15:00:43] [SKIPPED] Curl: File downloader 2, was already installed (Skipped)
[15:00:45] [SKIPPED] Wget: File downloader, was already installed (Skipped)
[15:00:46] [SKIPPED] Bat: Better then 'cat', was already installed (Skipped)
[15:00:47] [SKIPPED] Htop: Hardware use Checker, was already installed (Skipped)
[15:00:48] [SKIPPED] Fish: A advanced Shell, was already installed (Skipped)
[15:00:50] [SKIPPED] OpenSSH: Server deployment, was already installed (Skipped)
[15:00:51] [SKIPPED] Python3: Coding language, was already installed (Skipped)
[15:00:52] [SKIPPED] Nmap: Network scanner, was already installed (Skipped)
[15:00:53] [SKIPPED] Libcaca: Cool fire, was already installed (Skipped)
[15:00:55] [SKIPPED] Speedtest-Go: WI-FI-speed Checker, was already installed (Skipped)
[15:00:56] [SKIPPED] CPUfetch: Cpu-info, was already installed (Skipped)
[15:00:57] [SKIPPED] Neofetch: System-info, was already installed (Skipped)
[15:00:58] [SKIPPED] Ranger: A Filamanager, was already installed (Skipped)
[15:01:00] [SKIPPED] Nano: Text editor, was already installed (Skipped)
[15:01:01] [SKIPPED] Sl: Steam Locomotive, was already installed (Skipped)
[15:01:02] [SKIPPED] Ncdu: du Checker, was already installed (Skipped)
[15:01:04] [SKIPPED] Neovim: Best code editor, was already installed (Skipped)
[15:01:05] [SKIPPED] Node.Js: JavaScript Runtime environment, was already installed (Skipped)
[15:01:10] [EXIT] Exited script
[15:01:26] [START] Script started
[15:01:29] [INSTALL] User chose to install all tools
[15:01:39] [ERROR] No internet connection
[15:01:47] [START] Script started
[15:01:51] [INSTALL] User chose to install all tools
[15:01:51] [OK] pkg list updated
[15:01:56] [SKIPPED] Git: Version control, was already installed (Skipped)
[15:01:58] [SKIPPED] Curl: File downloader 2, was already installed (Skipped)
[15:01:59] [SKIPPED] Wget: File downloader, was already installed (Skipped)
[15:02:00] [SKIPPED] Bat: Better then 'cat', was already installed (Skipped)
[15:02:01] [SKIPPED] Htop: Hardware use Checker, was already installed (Skipped)
[15:02:03] [SKIPPED] Fish: A advanced Shell, was already installed (Skipped)
[15:02:04] [SKIPPED] OpenSSH: Server deployment, was already installed (Skipped)
[15:02:05] [SKIPPED] Python3: Coding language, was already installed (Skipped)
[15:02:06] [SKIPPED] Nmap: Network scanner, was already installed (Skipped)
[15:02:08] [SKIPPED] Libcaca: Cool fire, was already installed (Skipped)
[15:02:09] [SKIPPED] Speedtest-Go: WI-FI-speed Checker, was already installed (Skipped)
[15:02:10] [SKIPPED] CPUfetch: Cpu-info, was already installed (Skipped)
[15:02:11] [SKIPPED] Neofetch: System-info, was already installed (Skipped)
[15:02:12] [SKIPPED] Ranger: A Filamanager, was already installed (Skipped)
[15:02:24] [FAIL] Nano: Text editor, not installed (no internet)
[15:05:15] [START] Script started
[15:05:17] [INSTALL] User chose to install all tools
[15:05:17] [OK] pkg list updated
[15:05:23] [SKIPPED] Git: Version control, was already installed (Skipped)
[15:05:23] [SKIPPED] Curl: File downloader 2, was already installed (Skipped)
[15:05:23] [SKIPPED] Wget: File downloader, was already installed (Skipped)
[15:05:24] [SKIPPED] Bat: Better then 'cat', was already installed (Skipped)
[15:05:24] [SKIPPED] Htop: Hardware use Checker, was already installed (Skipped)
[15:05:25] [SKIPPED] Fish: A advanced Shell, was already installed (Skipped)
[15:05:25] [SKIPPED] OpenSSH: Server deployment, was already installed (Skipped)
[15:05:25] [SKIPPED] Python3: Coding language, was already installed (Skipped)
[15:05:26] [SKIPPED] Nmap: Network scanner, was already installed (Skipped)
[15:05:26] [SKIPPED] Libcaca: Cool fire, was already installed (Skipped)
[15:05:27] [SKIPPED] Speedtest-Go: WI-FI-speed Checker, was already installed (Skipped)
[15:05:27] [SKIPPED] CPUfetch: Cpu-info, was already installed (Skipped)
[15:05:27] [SKIPPED] Neofetch: System-info, was already installed (Skipped)
[15:05:28] [SKIPPED] Ranger: A Filamanager, was already installed (Skipped)
[15:05:28] [SKIPPED] Nano: Text editor, was already installed (Skipped)
[15:05:29] [SKIPPED] Sl: Steam Locomotive, was already installed (Skipped)
[15:05:29] [SKIPPED] Ncdu: du Checker, was already installed (Skipped)
[15:05:29] [SKIPPED] Neovim: Best code editor, was already installed (Skipped)
[15:05:30] [SKIPPED] Node.Js: JavaScript Runtime environment, was already installed (Skipped)
[15:05:45] [FAIL] Cbonsai: Japanise tree, not installed (no internet)
[15:39:39] [START] Script started
[15:47:25] [EXIT] Exited script
[15:47:27] [START] Script started
[15:48:34] [EXIT] Exited script
[15:49:30] [START] Script started
[15:50:13] [EXIT] Exited script
